#
# There is insufficient memory for the Java Runtime Environment to continue.
# Native memory allocation (malloc) failed to allocate 251344 bytes for Chunk::new
# Possible reasons:
#   The system is out of physical RAM or swap space
#   The process is running with CompressedOops enabled, and the Java Heap may be blocking the growth of the native heap
# Possible solutions:
#   Reduce memory load on the system
#   Increase physical memory or swap space
#   Check if swap backing store is full
#   Decrease Java heap size (-Xmx/-Xms)
#   Decrease number of Java threads
#   Decrease Java thread stack sizes (-Xss)
#   Set larger code cache with -XX:ReservedCodeCacheSize=
#   JVM is running with Unscaled Compressed Oops mode in which the Java heap is
#     placed in the first 4GB address space. The Java Heap base address is the
#     maximum limit for the native heap growth. Please use -XX:HeapBaseMinAddress
#     to set the Java Heap base and to place the Java Heap above 4GB virtual address.
# This output file may be truncated or incomplete.
#
#  Out of Memory Error (t:/workspace/open/src/hotspot/share/memory/arena.cpp:196), pid=14708, tid=19556
#
# JRE version: Java(TM) SE Runtime Environment (13.0.2+8) (build 13.0.2+8)
# Java VM: Java HotSpot(TM) 64-Bit Server VM (13.0.2+8, mixed mode, sharing, tiered, compressed oops, g1 gc, windows-amd64)
# No core dump will be written. Minidumps are not enabled by default on client versions of Windows
#

---------------  S U M M A R Y ------------

Command Line: -Dfile.encoding=Cp1252 --module-path=C:\Users\14bee\eclipse-workspace\Assignment 1\bin;C:\Users\14bee\OneDrive\Desktop\Setups\Eclipse\mysql-connector-java-5.1.47\mysql-connector-java-5.1.47-bin.jar;C:\Users\14bee\OneDrive\Desktop\Setups\Eclipse\mysql-connector-java-5.1.47\mysql-connector-java-5.1.47.jar -Djdk.module.main=assignment1 assignment1/assignment1.Main

Host: AMD Ryzen 3 3200U with Radeon Vega Mobile Gfx  , 4 cores, 3G,  Windows 10 , 64 bit Build 18362 (10.0.18362.778)
Time: Sun May  3 01:17:58 2020 Romance Daylight Time elapsed time: 3 seconds (0d 0h 0m 3s)

---------------  T H R E A D  ---------------

Current thread (0x000001c9a5221800):  JavaThread "C2 CompilerThread0" daemon [_thread_in_native, id=19556, stack(0x000000b370f00000,0x000000b371000000)]


Current CompileTask:
C2:   3975  803       4       jdk.internal.org.objectweb.asm.SymbolTable::addConstantUtf8 (98 bytes)

Stack: [0x000000b370f00000,0x000000b371000000]
Native frames: (J=compiled Java code, j=interpreted, Vv=VM code, C=native code)
V  [jvm.dll+0x624f9a]
V  [jvm.dll+0x770cfa]
V  [jvm.dll+0x7724af]
V  [jvm.dll+0x772ab3]
V  [jvm.dll+0x24bf08]
V  [jvm.dll+0xc1e47]
V  [jvm.dll+0xc23cc]
V  [jvm.dll+0x35c0c5]
V  [jvm.dll+0x327803]
V  [jvm.dll+0x326bda]
V  [jvm.dll+0x205c27]
V  [jvm.dll+0x204e3f]
V  [jvm.dll+0x189c2c]
V  [jvm.dll+0x213e6d]
V  [jvm.dll+0x2120bb]
V  [jvm.dll+0x736bb6]
V  [jvm.dll+0x72fcaa]
V  [jvm.dll+0x623ea6]
C  [ucrtbase.dll+0x20e72]
C  [KERNEL32.DLL+0x17bd4]
C  [ntdll.dll+0x6ce51]


---------------  P R O C E S S  ---------------

Threads class SMR info:
_java_thread_list=0x000001c9a63c6d60, length=15, elements={
0x000001c988eaa000, 0x000001c9a51fe800, 0x000001c9a5202800, 0x000001c9a521f800,
0x000001c9a5220800, 0x000001c9a5221800, 0x000001c9a528e000, 0x000001c9a5293800,
0x000001c9a51ec800, 0x000001c9a5557800, 0x000001c9a56c4000, 0x000001c9a56c5000,
0x000001c9a56ca000, 0x000001c9a578a000, 0x000001c9a63c0000
}

Java Threads: ( => current thread )
  0x000001c988eaa000 JavaThread "main" [_thread_in_native, id=15988, stack(0x000000b370400000,0x000000b370500000)]
  0x000001c9a51fe800 JavaThread "Reference Handler" daemon [_thread_blocked, id=5336, stack(0x000000b370b00000,0x000000b370c00000)]
  0x000001c9a5202800 JavaThread "Finalizer" daemon [_thread_blocked, id=18004, stack(0x000000b370c00000,0x000000b370d00000)]
  0x000001c9a521f800 JavaThread "Signal Dispatcher" daemon [_thread_blocked, id=6100, stack(0x000000b370d00000,0x000000b370e00000)]
  0x000001c9a5220800 JavaThread "Attach Listener" daemon [_thread_blocked, id=13420, stack(0x000000b370e00000,0x000000b370f00000)]
=>0x000001c9a5221800 JavaThread "C2 CompilerThread0" daemon [_thread_in_native, id=19556, stack(0x000000b370f00000,0x000000b371000000)]
  0x000001c9a528e000 JavaThread "C1 CompilerThread0" daemon [_thread_blocked, id=7464, stack(0x000000b371000000,0x000000b371100000)]
  0x000001c9a5293800 JavaThread "Sweeper thread" daemon [_thread_blocked, id=11896, stack(0x000000b371100000,0x000000b371200000)]
  0x000001c9a51ec800 JavaThread "Common-Cleaner" daemon [_thread_blocked, id=14988, stack(0x000000b371200000,0x000000b371300000)]
  0x000001c9a5557800 JavaThread "Service Thread" daemon [_thread_blocked, id=12300, stack(0x000000b371300000,0x000000b371400000)]
  0x000001c9a56c4000 JavaThread "Java2D Disposer" daemon [_thread_blocked, id=19528, stack(0x000000b371500000,0x000000b371600000)]
  0x000001c9a56c5000 JavaThread "AWT-Shutdown" [_thread_blocked, id=2160, stack(0x000000b371600000,0x000000b371700000)]
  0x000001c9a56ca000 JavaThread "AWT-Windows" daemon [_thread_in_native, id=19012, stack(0x000000b371700000,0x000000b371800000)]
  0x000001c9a578a000 JavaThread "Image Fetcher 0" daemon [_thread_blocked, id=7556, stack(0x000000b371800000,0x000000b371900000)]
  0x000001c9a63c0000 JavaThread "AWT-EventQueue-0" [_thread_blocked, id=9104, stack(0x000000b371b00000,0x000000b371c00000)]

Other Threads:
  0x000001c9a51fb800 VMThread "VM Thread" [stack: 0x000000b370a00000,0x000000b370b00000] [id=20060]
  0x000001c9a55f3800 WatcherThread [stack: 0x000000b371400000,0x000000b371500000] [id=5628]
  0x000001c988eda800 GCTaskThread "GC Thread#0" [stack: 0x000000b370500000,0x000000b370600000] [id=18808]
  0x000001c988ee3000 ConcurrentGCThread "G1 Main Marker" [stack: 0x000000b370600000,0x000000b370700000] [id=16228]
  0x000001c988ee4800 ConcurrentGCThread "G1 Conc#0" [stack: 0x000000b370700000,0x000000b370800000] [id=19048]
  0x000001c988f29000 ConcurrentGCThread "G1 Refine#0" [stack: 0x000000b370800000,0x000000b370900000] [id=19544]
  0x000001c988f2b000 ConcurrentGCThread "G1 Young RemSet Sampling" [stack: 0x000000b370900000,0x000000b370a00000] [id=3944]

Threads with active compile tasks:
C2 CompilerThread0     4008  803       4       jdk.internal.org.objectweb.asm.SymbolTable::addConstantUtf8 (98 bytes)

VM state:not at safepoint (normal execution)

VM Mutex/Monitor currently owned by a thread: None

Heap address: 0x00000000c8e00000, size: 882 MB, Compressed Oops mode: 32-bit
Narrow klass base: 0x0000000800000000, Narrow klass shift: 3
Compressed class space size: 1073741824 Address: 0x0000000800b40000

Heap:
 garbage-first heap   total 57344K, used 6144K [0x00000000c8e00000, 0x0000000100000000)
  region size 1024K, 7 young (7168K), 0 survivors (0K)
 Metaspace       used 8120K, capacity 8415K, committed 8576K, reserved 1056768K
  class space    used 952K, capacity 1068K, committed 1152K, reserved 1048576K
Heap Regions: E=young(eden), S=young(survivor), O=old, HS=humongous(starts), HC=humongous(continues), CS=collection set, F=free, A=archive, TAMS=top-at-mark-start (previous, next)
|   0|0x00000000c8e00000, 0x00000000c8e00000, 0x00000000c8f00000|  0%| F|  |TAMS 0x00000000c8e00000, 0x00000000c8e00000| Untracked 
|   1|0x00000000c8f00000, 0x00000000c8f00000, 0x00000000c9000000|  0%| F|  |TAMS 0x00000000c8f00000, 0x00000000c8f00000| Untracked 
|   2|0x00000000c9000000, 0x00000000c9000000, 0x00000000c9100000|  0%| F|  |TAMS 0x00000000c9000000, 0x00000000c9000000| Untracked 
|   3|0x00000000c9100000, 0x00000000c9100000, 0x00000000c9200000|  0%| F|  |TAMS 0x00000000c9100000, 0x00000000c9100000| Untracked 
|   4|0x00000000c9200000, 0x00000000c9200000, 0x00000000c9300000|  0%| F|  |TAMS 0x00000000c9200000, 0x00000000c9200000| Untracked 
|   5|0x00000000c9300000, 0x00000000c9300000, 0x00000000c9400000|  0%| F|  |TAMS 0x00000000c9300000, 0x00000000c9300000| Untracked 
|   6|0x00000000c9400000, 0x00000000c9400000, 0x00000000c9500000|  0%| F|  |TAMS 0x00000000c9400000, 0x00000000c9400000| Untracked 
|   7|0x00000000c9500000, 0x00000000c9500000, 0x00000000c9600000|  0%| F|  |TAMS 0x00000000c9500000, 0x00000000c9500000| Untracked 
|   8|0x00000000c9600000, 0x00000000c9600000, 0x00000000c9700000|  0%| F|  |TAMS 0x00000000c9600000, 0x00000000c9600000| Untracked 
|   9|0x00000000c9700000, 0x00000000c9700000, 0x00000000c9800000|  0%| F|  |TAMS 0x00000000c9700000, 0x00000000c9700000| Untracked 
|  10|0x00000000c9800000, 0x00000000c9800000, 0x00000000c9900000|  0%| F|  |TAMS 0x00000000c9800000, 0x00000000c9800000| Untracked 
|  11|0x00000000c9900000, 0x00000000c9900000, 0x00000000c9a00000|  0%| F|  |TAMS 0x00000000c9900000, 0x00000000c9900000| Untracked 
|  12|0x00000000c9a00000, 0x00000000c9a00000, 0x00000000c9b00000|  0%| F|  |TAMS 0x00000000c9a00000, 0x00000000c9a00000| Untracked 
|  13|0x00000000c9b00000, 0x00000000c9b00000, 0x00000000c9c00000|  0%| F|  |TAMS 0x00000000c9b00000, 0x00000000c9b00000| Untracked 
|  14|0x00000000c9c00000, 0x00000000c9c00000, 0x00000000c9d00000|  0%| F|  |TAMS 0x00000000c9c00000, 0x00000000c9c00000| Untracked 
|  15|0x00000000c9d00000, 0x00000000c9d00000, 0x00000000c9e00000|  0%| F|  |TAMS 0x00000000c9d00000, 0x00000000c9d00000| Untracked 
|  16|0x00000000c9e00000, 0x00000000c9e00000, 0x00000000c9f00000|  0%| F|  |TAMS 0x00000000c9e00000, 0x00000000c9e00000| Untracked 
|  17|0x00000000c9f00000, 0x00000000c9f00000, 0x00000000ca000000|  0%| F|  |TAMS 0x00000000c9f00000, 0x00000000c9f00000| Untracked 
|  18|0x00000000ca000000, 0x00000000ca000000, 0x00000000ca100000|  0%| F|  |TAMS 0x00000000ca000000, 0x00000000ca000000| Untracked 
|  19|0x00000000ca100000, 0x00000000ca100000, 0x00000000ca200000|  0%| F|  |TAMS 0x00000000ca100000, 0x00000000ca100000| Untracked 
|  20|0x00000000ca200000, 0x00000000ca200000, 0x00000000ca300000|  0%| F|  |TAMS 0x00000000ca200000, 0x00000000ca200000| Untracked 
|  21|0x00000000ca300000, 0x00000000ca300000, 0x00000000ca400000|  0%| F|  |TAMS 0x00000000ca300000, 0x00000000ca300000| Untracked 
|  22|0x00000000ca400000, 0x00000000ca400000, 0x00000000ca500000|  0%| F|  |TAMS 0x00000000ca400000, 0x00000000ca400000| Untracked 
|  23|0x00000000ca500000, 0x00000000ca500000, 0x00000000ca600000|  0%| F|  |TAMS 0x00000000ca500000, 0x00000000ca500000| Untracked 
|  24|0x00000000ca600000, 0x00000000ca600000, 0x00000000ca700000|  0%| F|  |TAMS 0x00000000ca600000, 0x00000000ca600000| Untracked 
|  25|0x00000000ca700000, 0x00000000ca700000, 0x00000000ca800000|  0%| F|  |TAMS 0x00000000ca700000, 0x00000000ca700000| Untracked 
|  26|0x00000000ca800000, 0x00000000ca800000, 0x00000000ca900000|  0%| F|  |TAMS 0x00000000ca800000, 0x00000000ca800000| Untracked 
|  27|0x00000000ca900000, 0x00000000ca900000, 0x00000000caa00000|  0%| F|  |TAMS 0x00000000ca900000, 0x00000000ca900000| Untracked 
|  28|0x00000000caa00000, 0x00000000caa00000, 0x00000000cab00000|  0%| F|  |TAMS 0x00000000caa00000, 0x00000000caa00000| Untracked 
|  29|0x00000000cab00000, 0x00000000cab00000, 0x00000000cac00000|  0%| F|  |TAMS 0x00000000cab00000, 0x00000000cab00000| Untracked 
|  30|0x00000000cac00000, 0x00000000cac00000, 0x00000000cad00000|  0%| F|  |TAMS 0x00000000cac00000, 0x00000000cac00000| Untracked 
|  31|0x00000000cad00000, 0x00000000cad00000, 0x00000000cae00000|  0%| F|  |TAMS 0x00000000cad00000, 0x00000000cad00000| Untracked 
|  32|0x00000000cae00000, 0x00000000cae00000, 0x00000000caf00000|  0%| F|  |TAMS 0x00000000cae00000, 0x00000000cae00000| Untracked 
|  33|0x00000000caf00000, 0x00000000caf00000, 0x00000000cb000000|  0%| F|  |TAMS 0x00000000caf00000, 0x00000000caf00000| Untracked 
|  34|0x00000000cb000000, 0x00000000cb000000, 0x00000000cb100000|  0%| F|  |TAMS 0x00000000cb000000, 0x00000000cb000000| Untracked 
|  35|0x00000000cb100000, 0x00000000cb100000, 0x00000000cb200000|  0%| F|  |TAMS 0x00000000cb100000, 0x00000000cb100000| Untracked 
|  36|0x00000000cb200000, 0x00000000cb200000, 0x00000000cb300000|  0%| F|  |TAMS 0x00000000cb200000, 0x00000000cb200000| Untracked 
|  37|0x00000000cb300000, 0x00000000cb300000, 0x00000000cb400000|  0%| F|  |TAMS 0x00000000cb300000, 0x00000000cb300000| Untracked 
|  38|0x00000000cb400000, 0x00000000cb400000, 0x00000000cb500000|  0%| F|  |TAMS 0x00000000cb400000, 0x00000000cb400000| Untracked 
|  39|0x00000000cb500000, 0x00000000cb500000, 0x00000000cb600000|  0%| F|  |TAMS 0x00000000cb500000, 0x00000000cb500000| Untracked 
|  40|0x00000000cb600000, 0x00000000cb600000, 0x00000000cb700000|  0%| F|  |TAMS 0x00000000cb600000, 0x00000000cb600000| Untracked 
|  41|0x00000000cb700000, 0x00000000cb700000, 0x00000000cb800000|  0%| F|  |TAMS 0x00000000cb700000, 0x00000000cb700000| Untracked 
|  42|0x00000000cb800000, 0x00000000cb800000, 0x00000000cb900000|  0%| F|  |TAMS 0x00000000cb800000, 0x00000000cb800000| Untracked 
|  43|0x00000000cb900000, 0x00000000cb900000, 0x00000000cba00000|  0%| F|  |TAMS 0x00000000cb900000, 0x00000000cb900000| Untracked 
|  44|0x00000000cba00000, 0x00000000cba00000, 0x00000000cbb00000|  0%| F|  |TAMS 0x00000000cba00000, 0x00000000cba00000| Untracked 
|  45|0x00000000cbb00000, 0x00000000cbb00000, 0x00000000cbc00000|  0%| F|  |TAMS 0x00000000cbb00000, 0x00000000cbb00000| Untracked 
|  46|0x00000000cbc00000, 0x00000000cbc00000, 0x00000000cbd00000|  0%| F|  |TAMS 0x00000000cbc00000, 0x00000000cbc00000| Untracked 
|  47|0x00000000cbd00000, 0x00000000cbd00000, 0x00000000cbe00000|  0%| F|  |TAMS 0x00000000cbd00000, 0x00000000cbd00000| Untracked 
|  48|0x00000000cbe00000, 0x00000000cbe00000, 0x00000000cbf00000|  0%| F|  |TAMS 0x00000000cbe00000, 0x00000000cbe00000| Untracked 
|  49|0x00000000cbf00000, 0x00000000cbf8fe70, 0x00000000cc000000| 56%| E|  |TAMS 0x00000000cbf00000, 0x00000000cbf00000| Complete 
|  50|0x00000000cc000000, 0x00000000cc100000, 0x00000000cc100000|100%| E|CS|TAMS 0x00000000cc000000, 0x00000000cc000000| Complete 
|  51|0x00000000cc100000, 0x00000000cc200000, 0x00000000cc200000|100%| E|CS|TAMS 0x00000000cc100000, 0x00000000cc100000| Complete 
|  52|0x00000000cc200000, 0x00000000cc300000, 0x00000000cc300000|100%| E|CS|TAMS 0x00000000cc200000, 0x00000000cc200000| Complete 
|  53|0x00000000cc300000, 0x00000000cc400000, 0x00000000cc400000|100%| E|CS|TAMS 0x00000000cc300000, 0x00000000cc300000| Complete 
|  54|0x00000000cc400000, 0x00000000cc500000, 0x00000000cc500000|100%| E|CS|TAMS 0x00000000cc400000, 0x00000000cc400000| Complete 
|  55|0x00000000cc500000, 0x00000000cc600000, 0x00000000cc600000|100%| E|CS|TAMS 0x00000000cc500000, 0x00000000cc500000| Complete 

Card table byte_map: [0x000001c9a0570000,0x000001c9a0730000] _byte_map_base: 0x000001c99ff29000

Marking Bits (Prev, Next): (CMBitMap*) 0x000001c988edb638, (CMBitMap*) 0x000001c988edb678
 Prev Bits: [0x000001c9a08f0000, 0x000001c9a16b8000)
 Next Bits: [0x000001c9a16c0000, 0x000001c9a2488000)

Polling page: 0x000001c986d80000

Metaspace:

Usage:
  Non-class:      7.17 MB capacity,     7.00 MB ( 98%) used,   154.20 KB (  2%) free+waste,    24.75 KB ( <1%) overhead. 
      Class:      1.04 MB capacity,   952.77 KB ( 89%) used,    99.67 KB (  9%) free+waste,    15.56 KB (  1%) overhead. 
       Both:      8.22 MB capacity,     7.93 MB ( 97%) used,   253.87 KB (  3%) free+waste,    40.31 KB ( <1%) overhead. 

Virtual space:
  Non-class space:        8.00 MB reserved,       7.25 MB ( 91%) committed 
      Class space:        1.00 GB reserved,       1.13 MB ( <1%) committed 
             Both:        1.01 GB reserved,       8.38 MB ( <1%) committed 

Chunk freelists:
   Non-Class:  13.00 KB
       Class:  20.00 KB
        Both:  33.00 KB

MaxMetaspaceSize: 17179869184.00 GB
CompressedClassSpaceSize: 1.00 GB

CodeHeap 'non-profiled nmethods': size=120000Kb used=235Kb max_used=235Kb free=119764Kb
 bounds [0x000001c998e80000, 0x000001c9990f0000, 0x000001c9a03b0000]
CodeHeap 'profiled nmethods': size=120000Kb used=1403Kb max_used=1403Kb free=118596Kb
 bounds [0x000001c991950000, 0x000001c991bc0000, 0x000001c998e80000]
CodeHeap 'non-nmethods': size=5760Kb used=1273Kb max_used=1291Kb free=4486Kb
 bounds [0x000001c9913b0000, 0x000001c991620000, 0x000001c991950000]
 total_blobs=1768 nmethods=818 adapters=467
 compilation: enabled
              stopped_count=0, restarted_count=0
 full_count=0

Compilation events (20 events):
Event: 3.956 Thread 0x000001c9a5221800  803       4       jdk.internal.org.objectweb.asm.SymbolTable::addConstantUtf8 (98 bytes)
Event: 3.957 Thread 0x000001c9a528e000 nmethod 811 0x000001c991aac590 code [0x000001c991aac800, 0x000001c991aad210]
Event: 3.959 Thread 0x000001c9a528e000  813       3       java.nio.MappedByteBuffer::limit (8 bytes)
Event: 3.959 Thread 0x000001c9a528e000 nmethod 813 0x000001c991aad610 code [0x000001c991aad7c0, 0x000001c991aad9f0]
Event: 3.959 Thread 0x000001c9a528e000  815       3       jdk.internal.misc.Unsafe::getInt (7 bytes)
Event: 3.959 Thread 0x000001c9a528e000 nmethod 815 0x000001c991aadb10 code [0x000001c991aadcc0, 0x000001c991aade58]
Event: 3.959 Thread 0x000001c9a528e000  816       3       java.nio.MappedByteBuffer::position (8 bytes)
Event: 3.959 Thread 0x000001c9a528e000 nmethod 816 0x000001c991aadf10 code [0x000001c991aae0c0, 0x000001c991aae2f0]
Event: 3.959 Thread 0x000001c9a528e000  817       3       java.lang.ThreadLocal$ThreadLocalMap::getEntry (42 bytes)
Event: 3.959 Thread 0x000001c9a528e000 nmethod 817 0x000001c991aae410 code [0x000001c991aae5c0, 0x000001c991aae910]
Event: 3.959 Thread 0x000001c9a528e000  814       1       java.nio.DirectByteBuffer::attachment (5 bytes)
Event: 3.960 Thread 0x000001c9a528e000 nmethod 814 0x000001c998eb9f10 code [0x000001c998eba0a0, 0x000001c998eba1d8]
Event: 3.960 Thread 0x000001c9a528e000  818       1       sun.nio.fs.NativeBuffer::address (5 bytes)
Event: 3.960 Thread 0x000001c9a528e000 nmethod 818 0x000001c998eba290 code [0x000001c998eba420, 0x000001c998eba558]
Event: 3.960 Thread 0x000001c9a528e000  819       3       java.lang.StringUTF16::compress (20 bytes)
Event: 3.960 Thread 0x000001c9a528e000 nmethod 819 0x000001c991aaea90 code [0x000001c991aaec40, 0x000001c991aaeed0]
Event: 3.960 Thread 0x000001c9a528e000  820       1       java.util.concurrent.locks.AbstractQueuedSynchronizer::getState (5 bytes)
Event: 3.960 Thread 0x000001c9a528e000 nmethod 820 0x000001c998eba610 code [0x000001c998eba7a0, 0x000001c998eba8d8]
Event: 3.964 Thread 0x000001c9a528e000  821       1       java.util.concurrent.locks.AbstractOwnableSynchronizer::setExclusiveOwnerThread (6 bytes)
Event: 3.965 Thread 0x000001c9a528e000 nmethod 821 0x000001c998eba990 code [0x000001c998ebab20, 0x000001c998ebac98]

GC Heap History (0 events):
No events

Deoptimization events (20 events):
Event: 1.526 Thread 0x000001c988eaa000 Uncommon trap: trap_request=0xffffff45 fr.pc=0x000001c998e85da0 relative=0x0000000000000080
Event: 1.526 Thread 0x000001c988eaa000 Uncommon trap: reason=unstable_if action=reinterpret pc=0x000001c998e85da0 method=java.lang.String.isLatin1()Z @ 10 c2
Event: 1.526 Thread 0x000001c988eaa000 DEOPT PACKING pc=0x000001c998e85da0 sp=0x000000b3704feb00
Event: 1.526 Thread 0x000001c988eaa000 DEOPT UNPACKING pc=0x000001c9913f912f sp=0x000000b3704fea40 mode 2
Event: 3.928 Thread 0x000001c9a56ca000 Uncommon trap: trap_request=0xffffffde fr.pc=0x000001c998e98ab0 relative=0x0000000000000c90
Event: 3.928 Thread 0x000001c9a56ca000 Uncommon trap: reason=class_check action=maybe_recompile pc=0x000001c998e98ab0 method=java.util.HashMap.putVal(ILjava/lang/Object;Ljava/lang/Object;ZZ)Ljava/lang/Object; @ 203 c2
Event: 3.928 Thread 0x000001c9a56ca000 DEOPT PACKING pc=0x000001c998e98ab0 sp=0x000000b3717fdcc0
Event: 3.928 Thread 0x000001c9a56ca000 DEOPT UNPACKING pc=0x000001c9913f912f sp=0x000000b3717fdc60 mode 2
Event: 3.928 Thread 0x000001c9a56ca000 Uncommon trap: trap_request=0xffffffde fr.pc=0x000001c998e989b0 relative=0x0000000000000b90
Event: 3.928 Thread 0x000001c9a56ca000 Uncommon trap: reason=class_check action=maybe_recompile pc=0x000001c998e989b0 method=java.util.HashMap.putVal(ILjava/lang/Object;Ljava/lang/Object;ZZ)Ljava/lang/Object; @ 91 c2
Event: 3.928 Thread 0x000001c9a56ca000 DEOPT PACKING pc=0x000001c998e989b0 sp=0x000000b3717fdcf0
Event: 3.928 Thread 0x000001c9a56ca000 DEOPT UNPACKING pc=0x000001c9913f912f sp=0x000000b3717fdc90 mode 2
Event: 3.928 Thread 0x000001c9a56ca000 Uncommon trap: trap_request=0xffffffde fr.pc=0x000001c998e98ab0 relative=0x0000000000000c90
Event: 3.928 Thread 0x000001c9a56ca000 Uncommon trap: reason=class_check action=maybe_recompile pc=0x000001c998e98ab0 method=java.util.HashMap.putVal(ILjava/lang/Object;Ljava/lang/Object;ZZ)Ljava/lang/Object; @ 203 c2
Event: 3.928 Thread 0x000001c9a56ca000 DEOPT PACKING pc=0x000001c998e98ab0 sp=0x000000b3717fdcf0
Event: 3.928 Thread 0x000001c9a56ca000 DEOPT UNPACKING pc=0x000001c9913f912f sp=0x000000b3717fdc90 mode 2
Event: 3.928 Thread 0x000001c9a56ca000 Uncommon trap: trap_request=0xffffffde fr.pc=0x000001c998e98ab0 relative=0x0000000000000c90
Event: 3.928 Thread 0x000001c9a56ca000 Uncommon trap: reason=class_check action=maybe_recompile pc=0x000001c998e98ab0 method=java.util.HashMap.putVal(ILjava/lang/Object;Ljava/lang/Object;ZZ)Ljava/lang/Object; @ 203 c2
Event: 3.928 Thread 0x000001c9a56ca000 DEOPT PACKING pc=0x000001c998e98ab0 sp=0x000000b3717fdcf0
Event: 3.929 Thread 0x000001c9a56ca000 DEOPT UNPACKING pc=0x000001c9913f912f sp=0x000000b3717fdc90 mode 2

Classes unloaded (0 events):
No events

Classes redefined (0 events):
No events

Internal exceptions (20 events):
Event: 0.828 Thread 0x000001c988eaa000 Exception <a 'java/lang/NoSuchMethodError'{0x00000000cc5f1168}: 'int java.lang.invoke.DirectMethodHandle$Holder.invokeSpecial(java.lang.Object, java.lang.Object, java.lang.Object, java.lang.Object)'> (0x00000000cc5f1168) 
thrown [t:/workspace/open/src/hotspot/share/interpreter/linkResolver.cpp, line 767]
Event: 0.832 Thread 0x000001c988eaa000 Exception <a 'java/lang/NoSuchMethodError'{0x00000000cc5f92c0}: 'void java.lang.invoke.DirectMethodHandle$Holder.invokeVirtual(java.lang.Object, java.lang.Object)'> (0x00000000cc5f92c0) 
thrown [t:/workspace/open/src/hotspot/share/interpreter/linkResolver.cpp, line 767]
Event: 1.056 Thread 0x000001c988eaa000 Exception <a 'java/lang/NoSuchMethodError'{0x00000000cc45cdb0}: 'int java.lang.invoke.DirectMethodHandle$Holder.invokeSpecialIFC(java.lang.Object, java.lang.Object, int)'> (0x00000000cc45cdb0) 
thrown [t:/workspace/open/src/hotspot/share/interpreter/linkResolver.cpp, line 767]
Event: 1.422 Thread 0x000001c988eaa000 Exception <a 'java/lang/NoSuchMethodError'{0x00000000cc33d070}: 'void java.lang.invoke.DirectMethodHandle$Holder.invokeSpecial(java.lang.Object, java.lang.Object, java.lang.Object, java.lang.Object, java.lang.Object)'> (0x00000000cc33d070) 
thrown [t:/workspace/open/src/hotspot/share/interpreter/linkResolver.cpp, line 767]
Event: 1.429 Thread 0x000001c988eaa000 Exception <a 'java/lang/IncompatibleClassChangeError'{0x00000000cc34adc8}: Found class java.lang.Object, but interface was expected> (0x00000000cc34adc8) 
thrown [t:/workspace/open/src/hotspot/share/interpreter/linkResolver.cpp, line 833]
Event: 1.429 Thread 0x000001c988eaa000 Exception <a 'java/lang/NoSuchMethodError'{0x00000000cc34d8e0}: 'void java.lang.invoke.DirectMethodHandle$Holder.invokeStatic(java.lang.Object, java.lang.Object, java.lang.Object, java.lang.Object)'> (0x00000000cc34d8e0) 
thrown [t:/workspace/open/src/hotspot/share/interpreter/linkResolver.cpp, line 767]
Event: 1.546 Thread 0x000001c988eaa000 Exception <a 'sun/nio/fs/WindowsException'{0x00000000cc3d4390}> (0x00000000cc3d4390) 
thrown [t:/workspace/open/src/hotspot/share/prims/jni.cpp, line 598]
Event: 1.557 Thread 0x000001c988eaa000 Exception <a 'java/lang/ClassNotFoundException'{0x00000000cc3f0bc8}: sun/awt/resources/spi/awtProvider> (0x00000000cc3f0bc8) 
thrown [t:/workspace/open/src/hotspot/share/classfile/systemDictionary.cpp, line 232]
Event: 1.692 Thread 0x000001c988eaa000 Exception <a 'java/io/FileNotFoundException'{0x00000000cc23fb10}> (0x00000000cc23fb10) 
thrown [t:/workspace/open/src/hotspot/share/prims/jni.cpp, line 598]
Event: 1.700 Thread 0x000001c988eaa000 Exception <a 'java/io/FileNotFoundException'{0x00000000cc2663e0}> (0x00000000cc2663e0) 
thrown [t:/workspace/open/src/hotspot/share/prims/jni.cpp, line 598]
Event: 2.556 Thread 0x000001c9a56ca000 Exception <a 'java/lang/NoSuchMethodError'{0x00000000cc2dc5a0}: 'void java.lang.invoke.DirectMethodHandle$Holder.invokeSpecial(java.lang.Object, java.lang.Object)'> (0x00000000cc2dc5a0) 
thrown [t:/workspace/open/src/hotspot/share/interpreter/linkResolver.cpp, line 767]
Event: 2.611 Thread 0x000001c988eaa000 Exception <a 'java/lang/NoSuchMethodError'{0x00000000cc122100}: 'java.lang.Object java.lang.invoke.DirectMethodHandle$Holder.invokeStatic(java.lang.Object, int, java.lang.Object, java.lang.Object, java.lang.Object, java.lang.Object)'> (0x00000000cc122100) 
thrown [t:/workspace/open/src/hotspot/share/interpreter/linkResolver.cpp, line 767]
Event: 2.769 Thread 0x000001c988eaa000 Exception <a 'java/lang/NoSuchMethodError'{0x00000000cc128a60}: 'java.lang.Object java.lang.invoke.DirectMethodHandle$Holder.invokeStatic(java.lang.Object, int, java.lang.Object, java.lang.Object, java.lang.Object)'> (0x00000000cc128a60) 
thrown [t:/workspace/open/src/hotspot/share/interpreter/linkResolver.cpp, line 767]
Event: 2.774 Thread 0x000001c988eaa000 Exception <a 'java/lang/NoSuchMethodError'{0x00000000cc12c2c8}: 'java.lang.Object java.lang.invoke.DirectMethodHandle$Holder.invokeSpecial(java.lang.Object, java.lang.Object, int, java.lang.Object, java.lang.Object, java.lang.Object)'> (0x00000000cc12c2c8) 
thrown [t:/workspace/open/src/hotspot/share/interpreter/linkResolver.cpp, line 767]
Event: 2.800 Thread 0x000001c988eaa000 Exception <a 'java/lang/NoSuchMethodError'{0x00000000cc1425f0}: 'java.lang.Object java.lang.invoke.DirectMethodHandle$Holder.invokeStatic(java.lang.Object, int, java.lang.Object)'> (0x00000000cc1425f0) 
thrown [t:/workspace/open/src/hotspot/share/interpreter/linkResolver.cpp, line 767]
Event: 3.068 Thread 0x000001c988eaa000 Exception <a 'java/lang/ClassNotFoundException'{0x00000000cc1eb5a0}: com/sun/swing/internal/plaf/metal/resources/spi/metalProvider> (0x00000000cc1eb5a0) 
thrown [t:/workspace/open/src/hotspot/share/classfile/systemDictionary.cpp, line 232]
Event: 3.071 Thread 0x000001c988eaa000 Exception <a 'java/lang/ClassNotFoundException'{0x00000000cc1ef400}: com/sun/swing/internal/plaf/basic/resources/spi/basicProvider> (0x00000000cc1ef400) 
thrown [t:/workspace/open/src/hotspot/share/classfile/systemDictionary.cpp, line 232]
Event: 3.949 Thread 0x000001c988eaa000 Exception <a 'java/lang/NoSuchMethodError'{0x00000000cbf50fe8}: 'void java.lang.invoke.DirectMethodHandle$Holder.invokeStaticInit(java.lang.Object)'> (0x00000000cbf50fe8) 
thrown [t:/workspace/open/src/hotspot/share/interpreter/linkResolver.cpp, line 767]
Event: 3.955 Thread 0x000001c988eaa000 Exception <a 'java/lang/NoSuchMethodError'{0x00000000cbf77608}: 'java.lang.Object java.lang.invoke.Invokers$Holder.linkToTargetMethod(java.lang.Object, int, java.lang.Object)'> (0x00000000cbf77608) 
thrown [t:/workspace/open/src/hotspot/share/interpreter/linkResolver.cpp, line 767]
Event: 3.959 Thread 0x000001c988eaa000 Exception <a 'sun/nio/fs/WindowsException'{0x00000000cbf7cd08}> (0x00000000cbf7cd08) 
thrown [t:/workspace/open/src/hotspot/share/prims/jni.cpp, line 598]

Events (20 events):
Event: 3.958 loading class sun/awt/im/ExecutableInputMethodManager$3
Event: 3.958 loading class sun/awt/im/ExecutableInputMethodManager$3 done
Event: 3.960 loading class java/awt/peer/LightweightPeer
Event: 3.960 loading class java/awt/peer/LightweightPeer done
Event: 3.960 loading class java/awt/event/PaintEvent
Event: 3.960 loading class sun/awt/windows/WDialogPeer
Event: 3.960 loading class java/awt/event/PaintEvent done
Event: 3.960 loading class java/awt/peer/DialogPeer
Event: 3.960 loading class java/awt/peer/DialogPeer done
Event: 3.960 loading class sun/awt/windows/WDialogPeer done
Event: 3.962 loading class javax/swing/RepaintManager$2
Event: 3.962 loading class javax/swing/RepaintManager$2 done
Event: 3.964 Executing VM operation: RevokeBias
Event: 3.964 Executing VM operation: RevokeBias done
Event: 3.965 Executing VM operation: RevokeBias
Event: 3.965 Executing VM operation: RevokeBias done
Event: 3.966 loading class sun/awt/LightweightPeerHolder
Event: 3.966 loading class sun/awt/LightweightPeerHolder done
Event: 3.966 loading class sun/awt/NullComponentPeer
Event: 3.966 loading class sun/awt/NullComponentPeer done


Dynamic libraries:
0x00007ff75aea0000 - 0x00007ff75aeaf000 	C:\Program Files\Java\jdk-13.0.2\bin\javaw.exe
0x00007ffe83b40000 - 0x00007ffe83d30000 	C:\WINDOWS\SYSTEM32\ntdll.dll
0x00007ffe83940000 - 0x00007ffe839f2000 	C:\WINDOWS\System32\KERNEL32.DLL
0x00007ffe81630000 - 0x00007ffe818d3000 	C:\WINDOWS\System32\KERNELBASE.dll
0x00007ffe80db0000 - 0x00007ffe80eaa000 	C:\WINDOWS\System32\ucrtbase.dll
0x00007ffe7c070000 - 0x00007ffe7c088000 	C:\Program Files\Java\jdk-13.0.2\bin\jli.dll
0x00007ffe81d20000 - 0x00007ffe81dc3000 	C:\WINDOWS\System32\ADVAPI32.dll
0x00007ffe829f0000 - 0x00007ffe82a8e000 	C:\WINDOWS\System32\msvcrt.dll
0x00007ffe828a0000 - 0x00007ffe82937000 	C:\WINDOWS\System32\sechost.dll
0x00007ffe832b0000 - 0x00007ffe833d0000 	C:\WINDOWS\System32\RPCRT4.dll
0x00007ffe81dd0000 - 0x00007ffe81f64000 	C:\WINDOWS\System32\USER32.dll
0x00007ffe80ad0000 - 0x00007ffe80af1000 	C:\WINDOWS\System32\win32u.dll
0x00007ffe83ad0000 - 0x00007ffe83af6000 	C:\WINDOWS\System32\GDI32.dll
0x00007ffe81960000 - 0x00007ffe81af4000 	C:\WINDOWS\System32\gdi32full.dll
0x00007ffe81b50000 - 0x00007ffe81bee000 	C:\WINDOWS\System32\msvcp_win.dll
0x00007ffe6c920000 - 0x00007ffe6c935000 	C:\Program Files\Java\jdk-13.0.2\bin\VCRUNTIME140.dll
0x00007ffe6c060000 - 0x00007ffe6c2e5000 	C:\WINDOWS\WinSxS\amd64_microsoft.windows.common-controls_6595b64144ccf1df_6.0.18362.778_none_e6c6b761130d4fb8\COMCTL32.dll
0x00007ffe821c0000 - 0x00007ffe824f6000 	C:\WINDOWS\System32\combase.dll
0x00007ffe818e0000 - 0x00007ffe81960000 	C:\WINDOWS\System32\bcryptPrimitives.dll
0x00007ffe76a50000 - 0x00007ffe76a5a000 	C:\WINDOWS\SYSTEM32\VERSION.dll
0x00007ffe82940000 - 0x00007ffe8296e000 	C:\WINDOWS\System32\IMM32.DLL
0x00007ffe598f0000 - 0x00007ffe5998b000 	C:\Program Files\Java\jdk-13.0.2\bin\msvcp140.dll
0x00007ffe458f0000 - 0x00007ffe4644d000 	C:\Program Files\Java\jdk-13.0.2\bin\server\jvm.dll
0x00007ffe838b0000 - 0x00007ffe838b8000 	C:\WINDOWS\System32\PSAPI.DLL
0x00007ffe7bc90000 - 0x00007ffe7bc99000 	C:\WINDOWS\SYSTEM32\WSOCK32.dll
0x00007ffe83840000 - 0x00007ffe838af000 	C:\WINDOWS\System32\WS2_32.dll
0x00007ffe77360000 - 0x00007ffe77384000 	C:\WINDOWS\SYSTEM32\WINMM.dll
0x00007ffe77330000 - 0x00007ffe7735d000 	C:\WINDOWS\SYSTEM32\WINMMBASE.dll
0x00007ffe80d00000 - 0x00007ffe80d4a000 	C:\WINDOWS\System32\cfgmgr32.dll
0x00007ffe80a60000 - 0x00007ffe80a71000 	C:\WINDOWS\System32\kernel.appcore.dll
0x00007ffe7b7e0000 - 0x00007ffe7b7f0000 	C:\Program Files\Java\jdk-13.0.2\bin\verify.dll
0x00007ffe7f2b0000 - 0x00007ffe7f4a4000 	C:\WINDOWS\SYSTEM32\DBGHELP.DLL
0x00007ffe798b0000 - 0x00007ffe798da000 	C:\WINDOWS\SYSTEM32\dbgcore.DLL
0x00007ffe77020000 - 0x00007ffe77046000 	C:\Program Files\Java\jdk-13.0.2\bin\java.dll
0x00007ffe7b2f0000 - 0x00007ffe7b307000 	C:\Program Files\Java\jdk-13.0.2\bin\zip.dll
0x00007ffe7b7d0000 - 0x00007ffe7b7da000 	C:\Program Files\Java\jdk-13.0.2\bin\jimage.dll
0x00007ffe82af0000 - 0x00007ffe831d5000 	C:\WINDOWS\System32\SHELL32.dll
0x00007ffe81bf0000 - 0x00007ffe81c99000 	C:\WINDOWS\System32\shcore.dll
0x00007ffe80eb0000 - 0x00007ffe81630000 	C:\WINDOWS\System32\windows.storage.dll
0x00007ffe80a10000 - 0x00007ffe80a33000 	C:\WINDOWS\System32\profapi.dll
0x00007ffe80a80000 - 0x00007ffe80aca000 	C:\WINDOWS\System32\powrprof.dll
0x00007ffe80a00000 - 0x00007ffe80a10000 	C:\WINDOWS\System32\UMPDC.dll
0x00007ffe82a90000 - 0x00007ffe82ae2000 	C:\WINDOWS\System32\shlwapi.dll
0x00007ffe81b30000 - 0x00007ffe81b47000 	C:\WINDOWS\System32\cryptsp.dll
0x00007ffe76990000 - 0x00007ffe769a9000 	C:\Program Files\Java\jdk-13.0.2\bin\net.dll
0x00007ffe78190000 - 0x00007ffe78280000 	C:\WINDOWS\SYSTEM32\WINHTTP.dll
0x00007ffe80210000 - 0x00007ffe80277000 	C:\WINDOWS\system32\mswsock.dll
0x00007ffe76850000 - 0x00007ffe76863000 	C:\Program Files\Java\jdk-13.0.2\bin\nio.dll
0x00007ffe44ee0000 - 0x00007ffe45079000 	C:\Program Files\Java\jdk-13.0.2\bin\awt.dll
0x00007ffe831e0000 - 0x00007ffe832a4000 	C:\WINDOWS\System32\OLEAUT32.dll
0x00007ffe7e7d0000 - 0x00007ffe7e85f000 	C:\WINDOWS\SYSTEM32\apphelp.dll
0x00007ffe7e8a0000 - 0x00007ffe7e939000 	C:\WINDOWS\system32\uxtheme.dll
0x00007ffe82080000 - 0x00007ffe821b6000 	C:\WINDOWS\System32\MSCTF.dll
0x00007ffe82740000 - 0x00007ffe82897000 	C:\WINDOWS\System32\ole32.dll
0x00007ffe7ef10000 - 0x00007ffe7ef3d000 	C:\WINDOWS\system32\DWMAPI.DLL
0x00007ffe57670000 - 0x00007ffe576f2000 	C:\Program Files\Java\jdk-13.0.2\bin\freetype.dll
0x00007ffe4e940000 - 0x00007ffe4e9e6000 	C:\Program Files\Java\jdk-13.0.2\bin\fontmanager.dll
0x00007ffe44d80000 - 0x00007ffe44ed6000 	C:\WINDOWS\system32\opengl32.dll
0x00007ffe67230000 - 0x00007ffe6725c000 	C:\WINDOWS\SYSTEM32\GLU32.dll
0x00007ffe7f6e0000 - 0x00007ffe7f700000 	C:\WINDOWS\SYSTEM32\dxcore.dll
0x00007ffe431f0000 - 0x00007ffe433b7000 	C:\WINDOWS\system32\d3d9.dll
0x00007ffe763b0000 - 0x00007ffe7658d000 	C:\WINDOWS\System32\DriverStore\FileRepository\u0344110.inf_amd64_73212948657b175c\B343946\aticfx64.dll
0x00007ffe5d620000 - 0x00007ffe5d650000 	C:\WINDOWS\System32\DriverStore\FileRepository\u0344110.inf_amd64_73212948657b175c\B343946\atiu9p64.dll
0x00007ffe2ec00000 - 0x00007ffe2f8cb000 	C:\WINDOWS\System32\DriverStore\FileRepository\u0344110.inf_amd64_73212948657b175c\B343946\atiumd64.dll
0x000000005af20000 - 0x000000005bca5000 	C:\WINDOWS\System32\DriverStore\FileRepository\u0344110.inf_amd64_73212948657b175c\B343946\atiumd6a.dll
0x00007ffe74960000 - 0x00007ffe74b0f000 	C:\WINDOWS\SYSTEM32\WindowsCodecs.dll

dbghelp: loaded successfully - version: 4.0.5 - missing functions: none
symbol engine: initialized successfully - sym options: 0x614 - pdb path: .;C:\Program Files\Java\jdk-13.0.2\bin;C:\WINDOWS\SYSTEM32;C:\WINDOWS\WinSxS\amd64_microsoft.windows.common-controls_6595b64144ccf1df_6.0.18362.778_none_e6c6b761130d4fb8;C:\Program Files\Java\jdk-13.0.2\bin\server;C:\WINDOWS\System32\DriverStore\FileRepository\u0344110.inf_amd64_73212948657b175c\B343946

VM Arguments:
jvm_args: -Dfile.encoding=Cp1252 --module-path=C:\Users\14bee\eclipse-workspace\Assignment 1\bin;C:\Users\14bee\OneDrive\Desktop\Setups\Eclipse\mysql-connector-java-5.1.47\mysql-connector-java-5.1.47-bin.jar;C:\Users\14bee\OneDrive\Desktop\Setups\Eclipse\mysql-connector-java-5.1.47\mysql-connector-java-5.1.47.jar -Djdk.module.main=assignment1 
java_command: assignment1/assignment1.Main
java_class_path (initial): <not set>
Launcher Type: SUN_STANDARD

[Global flags]
     intx CICompilerCount                          = 3                                         {product} {ergonomic}
     uint ConcGCThreads                            = 1                                         {product} {ergonomic}
     uint G1ConcRefinementThreads                  = 4                                         {product} {ergonomic}
   size_t G1HeapRegionSize                         = 1048576                                   {product} {ergonomic}
    uintx GCDrainStackTargetSize                   = 64                                        {product} {ergonomic}
   size_t InitialHeapSize                          = 58720256                                  {product} {ergonomic}
   size_t MarkStackSize                            = 4194304                                   {product} {ergonomic}
   size_t MaxHeapSize                              = 924844032                                 {product} {ergonomic}
   size_t MaxNewSize                               = 554696704                                 {product} {ergonomic}
   size_t MinHeapDeltaBytes                        = 1048576                                   {product} {ergonomic}
   size_t MinHeapSize                              = 8388608                                   {product} {ergonomic}
    uintx NonNMethodCodeHeapSize                   = 5832780                                {pd product} {ergonomic}
    uintx NonProfiledCodeHeapSize                  = 122912730                              {pd product} {ergonomic}
    uintx ProfiledCodeHeapSize                     = 122912730                              {pd product} {ergonomic}
    uintx ReservedCodeCacheSize                    = 251658240                              {pd product} {ergonomic}
     bool SegmentedCodeCache                       = true                                      {product} {ergonomic}
   size_t SoftMaxHeapSize                          = 924844032                              {manageable} {ergonomic}
     bool UseCompressedClassPointers               = true                                 {lp64_product} {ergonomic}
     bool UseCompressedOops                        = true                                 {lp64_product} {ergonomic}
     bool UseG1GC                                  = true                                      {product} {ergonomic}
     bool UseLargePagesIndividualAllocation        = false                                  {pd product} {ergonomic}

Logging:
Log output configuration:
 #0: stdout all=warning uptime,level,tags
 #1: stderr all=off uptime,level,tags

Environment Variables:
PATH=C:/Program Files/Java/jdk-13.0.2/bin/server;C:/Program Files/Java/jdk-13.0.2/bin;C:\WINDOWS\system32;C:\WINDOWS;C:\WINDOWS\System32\Wbem;C:\WINDOWS\System32\WindowsPowerShell\v1.0\;C:\WINDOWS\System32\OpenSSH\;C:\Users\14bee\AppData\Local\Microsoft\WindowsApps;;C:\WINDOWS\System32;
USERNAME=14bee
OS=Windows_NT
PROCESSOR_IDENTIFIER=AMD64 Family 23 Model 24 Stepping 1, AuthenticAMD



---------------  S Y S T E M  ---------------

OS: Windows 10 , 64 bit Build 18362 (10.0.18362.778)

CPU:total 4 (initial active 4) (4 cores per cpu, 2 threads per core) family 23 model 24 stepping 1, cmov, cx8, fxsr, mmx, sse, sse2, sse3, ssse3, sse4.1, sse4.2, popcnt, avx, avx2, aes, clmul, mmxext, 3dnowpref, lzcnt, sse4a, ht, tsc, tscinvbit, tscinv, bmi1, bmi2, adx, sha, fma

Memory: 4k page, system-wide physical 3522M (266M free)
TotalPageFile size 14274M (AvailPageFile size 3M)
current process WorkingSet (physical memory assigned to process): 60M, peak: 60M
current process commit charge ("private bytes"): 150M, peak: 151M

vm_info: Java HotSpot(TM) 64-Bit Server VM (13.0.2+8) for windows-amd64 JRE (13.0.2+8), built on Dec 11 2019 09:20:33 by "mach5one" with unknown MS VC++:1916

END.
