#
# There is insufficient memory for the Java Runtime Environment to continue.
# Native memory allocation (malloc) failed to allocate 43776 bytes for Chunk::new
# Possible reasons:
#   The system is out of physical RAM or swap space
#   The process is running with CompressedOops enabled, and the Java Heap may be blocking the growth of the native heap
# Possible solutions:
#   Reduce memory load on the system
#   Increase physical memory or swap space
#   Check if swap backing store is full
#   Decrease Java heap size (-Xmx/-Xms)
#   Decrease number of Java threads
#   Decrease Java thread stack sizes (-Xss)
#   Set larger code cache with -XX:ReservedCodeCacheSize=
#   JVM is running with Unscaled Compressed Oops mode in which the Java heap is
#     placed in the first 4GB address space. The Java Heap base address is the
#     maximum limit for the native heap growth. Please use -XX:HeapBaseMinAddress
#     to set the Java Heap base and to place the Java Heap above 4GB virtual address.
# This output file may be truncated or incomplete.
#
#  Out of Memory Error (t:/workspace/open/src/hotspot/share/memory/arena.cpp:196), pid=20044, tid=20420
#
# JRE version: Java(TM) SE Runtime Environment (13.0.2+8) (build 13.0.2+8)
# Java VM: Java HotSpot(TM) 64-Bit Server VM (13.0.2+8, mixed mode, sharing, tiered, compressed oops, g1 gc, windows-amd64)
# No core dump will be written. Minidumps are not enabled by default on client versions of Windows
#

---------------  S U M M A R Y ------------

Command Line: -Dfile.encoding=Cp1252 --module-path=C:\Users\14bee\eclipse-workspace\Assignment 1\bin;C:\Users\14bee\OneDrive\Desktop\Setups\Eclipse\mysql-connector-java-5.1.47\mysql-connector-java-5.1.47-bin.jar;C:\Users\14bee\OneDrive\Desktop\Setups\Eclipse\mysql-connector-java-5.1.47\mysql-connector-java-5.1.47.jar -Djdk.module.main=assignment1 assignment1/assignment1.Main

Host: AMD Ryzen 3 3200U with Radeon Vega Mobile Gfx  , 4 cores, 3G,  Windows 10 , 64 bit Build 18362 (10.0.18362.778)
Time: Sun May  3 01:17:34 2020 Romance Daylight Time elapsed time: 632 seconds (0d 0h 10m 32s)

---------------  T H R E A D  ---------------

Current thread (0x0000027b7db73000):  JavaThread "C2 CompilerThread0" daemon [_thread_in_native, id=20420, stack(0x000000f5b9e00000,0x000000f5b9f00000)]


Current CompileTask:
C2: 632829 1648       4       java.awt.geom.AffineTransform::transform (635 bytes)

Stack: [0x000000f5b9e00000,0x000000f5b9f00000]
Native frames: (J=compiled Java code, j=interpreted, Vv=VM code, C=native code)
V  [jvm.dll+0x624f9a]
V  [jvm.dll+0x770cfa]
V  [jvm.dll+0x7724af]
V  [jvm.dll+0x772ab3]
V  [jvm.dll+0x24bf08]
V  [jvm.dll+0xc1e47]
V  [jvm.dll+0xc23cc]
V  [jvm.dll+0x2bdbf4]
V  [jvm.dll+0x5441fd]
V  [jvm.dll+0x20de66]
V  [jvm.dll+0x2075b4]
V  [jvm.dll+0x204d1d]
V  [jvm.dll+0x189c2c]
V  [jvm.dll+0x213e6d]
V  [jvm.dll+0x2120bb]
V  [jvm.dll+0x736bb6]
V  [jvm.dll+0x72fcaa]
V  [jvm.dll+0x623ea6]
C  [ucrtbase.dll+0x20e72]
C  [KERNEL32.DLL+0x17bd4]
C  [ntdll.dll+0x6ce51]


---------------  P R O C E S S  ---------------

Threads class SMR info:
_java_thread_list=0x0000027b7ec922a0, length=16, elements={
0x0000027b617fb000, 0x0000027b7db4e000, 0x0000027b7db51800, 0x0000027b7db71000,
0x0000027b7db72000, 0x0000027b7db73000, 0x0000027b7dbdf800, 0x0000027b7dbe5000,
0x0000027b7db3c800, 0x0000027b7de68800, 0x0000027b7e037800, 0x0000027b7e03e800,
0x0000027b7e0e0000, 0x0000027b7eb4c000, 0x0000027b7ed33800, 0x0000027b7ed59000
}

Java Threads: ( => current thread )
  0x0000027b617fb000 JavaThread "main" [_thread_blocked, id=20436, stack(0x000000f5b9300000,0x000000f5b9400000)]
  0x0000027b7db4e000 JavaThread "Reference Handler" daemon [_thread_blocked, id=18484, stack(0x000000f5b9a00000,0x000000f5b9b00000)]
  0x0000027b7db51800 JavaThread "Finalizer" daemon [_thread_blocked, id=17156, stack(0x000000f5b9b00000,0x000000f5b9c00000)]
  0x0000027b7db71000 JavaThread "Signal Dispatcher" daemon [_thread_blocked, id=1688, stack(0x000000f5b9c00000,0x000000f5b9d00000)]
  0x0000027b7db72000 JavaThread "Attach Listener" daemon [_thread_blocked, id=16432, stack(0x000000f5b9d00000,0x000000f5b9e00000)]
=>0x0000027b7db73000 JavaThread "C2 CompilerThread0" daemon [_thread_in_native, id=20420, stack(0x000000f5b9e00000,0x000000f5b9f00000)]
  0x0000027b7dbdf800 JavaThread "C1 CompilerThread0" daemon [_thread_blocked, id=7904, stack(0x000000f5b9f00000,0x000000f5ba000000)]
  0x0000027b7dbe5000 JavaThread "Sweeper thread" daemon [_thread_blocked, id=4904, stack(0x000000f5ba000000,0x000000f5ba100000)]
  0x0000027b7db3c800 JavaThread "Common-Cleaner" daemon [_thread_blocked, id=16152, stack(0x000000f5ba100000,0x000000f5ba200000)]
  0x0000027b7de68800 JavaThread "Service Thread" daemon [_thread_blocked, id=12340, stack(0x000000f5ba200000,0x000000f5ba300000)]
  0x0000027b7e037800 JavaThread "Java2D Disposer" daemon [_thread_blocked, id=7944, stack(0x000000f5ba400000,0x000000f5ba500000)]
  0x0000027b7e03e800 JavaThread "AWT-Windows" daemon [_thread_in_native, id=14184, stack(0x000000f5ba600000,0x000000f5ba700000)]
  0x0000027b7e0e0000 JavaThread "AWT-Shutdown" [_thread_blocked, id=17824, stack(0x000000f5ba500000,0x000000f5ba600000)]
  0x0000027b7eb4c000 JavaThread "AWT-EventQueue-0" [_thread_blocked, id=17372, stack(0x000000f5bae00000,0x000000f5baf00000)]
  0x0000027b7ed33800 JavaThread "D3D Screen Updater" daemon [_thread_blocked, id=15316, stack(0x000000f5bb000000,0x000000f5bb100000)]
  0x0000027b7ed59000 JavaThread "TimerQueue" daemon [_thread_blocked, id=11464, stack(0x000000f5bb100000,0x000000f5bb200000)]

Other Threads:
  0x0000027b7db4b800 VMThread "VM Thread" [stack: 0x000000f5b9900000,0x000000f5b9a00000] [id=13236]
  0x0000027b7dea4800 WatcherThread [stack: 0x000000f5ba300000,0x000000f5ba400000] [id=512]
  0x0000027b6182c000 GCTaskThread "GC Thread#0" [stack: 0x000000f5b9400000,0x000000f5b9500000] [id=18532]
  0x0000027b61834800 ConcurrentGCThread "G1 Main Marker" [stack: 0x000000f5b9500000,0x000000f5b9600000] [id=11180]
  0x0000027b61836800 ConcurrentGCThread "G1 Conc#0" [stack: 0x000000f5b9600000,0x000000f5b9700000] [id=10028]
  0x0000027b61878800 ConcurrentGCThread "G1 Refine#0" [stack: 0x000000f5b9700000,0x000000f5b9800000] [id=18416]
  0x0000027b6187b000 ConcurrentGCThread "G1 Young RemSet Sampling" [stack: 0x000000f5b9800000,0x000000f5b9900000] [id=15320]

Threads with active compile tasks:
C2 CompilerThread0   632888 1648       4       java.awt.geom.AffineTransform::transform (635 bytes)

VM state:not at safepoint (normal execution)

VM Mutex/Monitor currently owned by a thread: None

Heap address: 0x00000000c8e00000, size: 882 MB, Compressed Oops mode: 32-bit
Narrow klass base: 0x0000000800000000, Narrow klass shift: 3
Compressed class space size: 1073741824 Address: 0x0000000800b40000

Heap:
 garbage-first heap   total 57344K, used 12288K [0x00000000c8e00000, 0x0000000100000000)
  region size 1024K, 13 young (13312K), 0 survivors (0K)
 Metaspace       used 9678K, capacity 9965K, committed 10240K, reserved 1058816K
  class space    used 1078K, capacity 1200K, committed 1280K, reserved 1048576K
Heap Regions: E=young(eden), S=young(survivor), O=old, HS=humongous(starts), HC=humongous(continues), CS=collection set, F=free, A=archive, TAMS=top-at-mark-start (previous, next)
|   0|0x00000000c8e00000, 0x00000000c8e00000, 0x00000000c8f00000|  0%| F|  |TAMS 0x00000000c8e00000, 0x00000000c8e00000| Untracked 
|   1|0x00000000c8f00000, 0x00000000c8f00000, 0x00000000c9000000|  0%| F|  |TAMS 0x00000000c8f00000, 0x00000000c8f00000| Untracked 
|   2|0x00000000c9000000, 0x00000000c9000000, 0x00000000c9100000|  0%| F|  |TAMS 0x00000000c9000000, 0x00000000c9000000| Untracked 
|   3|0x00000000c9100000, 0x00000000c9100000, 0x00000000c9200000|  0%| F|  |TAMS 0x00000000c9100000, 0x00000000c9100000| Untracked 
|   4|0x00000000c9200000, 0x00000000c9200000, 0x00000000c9300000|  0%| F|  |TAMS 0x00000000c9200000, 0x00000000c9200000| Untracked 
|   5|0x00000000c9300000, 0x00000000c9300000, 0x00000000c9400000|  0%| F|  |TAMS 0x00000000c9300000, 0x00000000c9300000| Untracked 
|   6|0x00000000c9400000, 0x00000000c9400000, 0x00000000c9500000|  0%| F|  |TAMS 0x00000000c9400000, 0x00000000c9400000| Untracked 
|   7|0x00000000c9500000, 0x00000000c9500000, 0x00000000c9600000|  0%| F|  |TAMS 0x00000000c9500000, 0x00000000c9500000| Untracked 
|   8|0x00000000c9600000, 0x00000000c9600000, 0x00000000c9700000|  0%| F|  |TAMS 0x00000000c9600000, 0x00000000c9600000| Untracked 
|   9|0x00000000c9700000, 0x00000000c9700000, 0x00000000c9800000|  0%| F|  |TAMS 0x00000000c9700000, 0x00000000c9700000| Untracked 
|  10|0x00000000c9800000, 0x00000000c9800000, 0x00000000c9900000|  0%| F|  |TAMS 0x00000000c9800000, 0x00000000c9800000| Untracked 
|  11|0x00000000c9900000, 0x00000000c9900000, 0x00000000c9a00000|  0%| F|  |TAMS 0x00000000c9900000, 0x00000000c9900000| Untracked 
|  12|0x00000000c9a00000, 0x00000000c9a00000, 0x00000000c9b00000|  0%| F|  |TAMS 0x00000000c9a00000, 0x00000000c9a00000| Untracked 
|  13|0x00000000c9b00000, 0x00000000c9b00000, 0x00000000c9c00000|  0%| F|  |TAMS 0x00000000c9b00000, 0x00000000c9b00000| Untracked 
|  14|0x00000000c9c00000, 0x00000000c9c00000, 0x00000000c9d00000|  0%| F|  |TAMS 0x00000000c9c00000, 0x00000000c9c00000| Untracked 
|  15|0x00000000c9d00000, 0x00000000c9d00000, 0x00000000c9e00000|  0%| F|  |TAMS 0x00000000c9d00000, 0x00000000c9d00000| Untracked 
|  16|0x00000000c9e00000, 0x00000000c9e00000, 0x00000000c9f00000|  0%| F|  |TAMS 0x00000000c9e00000, 0x00000000c9e00000| Untracked 
|  17|0x00000000c9f00000, 0x00000000c9f00000, 0x00000000ca000000|  0%| F|  |TAMS 0x00000000c9f00000, 0x00000000c9f00000| Untracked 
|  18|0x00000000ca000000, 0x00000000ca000000, 0x00000000ca100000|  0%| F|  |TAMS 0x00000000ca000000, 0x00000000ca000000| Untracked 
|  19|0x00000000ca100000, 0x00000000ca100000, 0x00000000ca200000|  0%| F|  |TAMS 0x00000000ca100000, 0x00000000ca100000| Untracked 
|  20|0x00000000ca200000, 0x00000000ca200000, 0x00000000ca300000|  0%| F|  |TAMS 0x00000000ca200000, 0x00000000ca200000| Untracked 
|  21|0x00000000ca300000, 0x00000000ca300000, 0x00000000ca400000|  0%| F|  |TAMS 0x00000000ca300000, 0x00000000ca300000| Untracked 
|  22|0x00000000ca400000, 0x00000000ca400000, 0x00000000ca500000|  0%| F|  |TAMS 0x00000000ca400000, 0x00000000ca400000| Untracked 
|  23|0x00000000ca500000, 0x00000000ca500000, 0x00000000ca600000|  0%| F|  |TAMS 0x00000000ca500000, 0x00000000ca500000| Untracked 
|  24|0x00000000ca600000, 0x00000000ca600000, 0x00000000ca700000|  0%| F|  |TAMS 0x00000000ca600000, 0x00000000ca600000| Untracked 
|  25|0x00000000ca700000, 0x00000000ca700000, 0x00000000ca800000|  0%| F|  |TAMS 0x00000000ca700000, 0x00000000ca700000| Untracked 
|  26|0x00000000ca800000, 0x00000000ca800000, 0x00000000ca900000|  0%| F|  |TAMS 0x00000000ca800000, 0x00000000ca800000| Untracked 
|  27|0x00000000ca900000, 0x00000000ca900000, 0x00000000caa00000|  0%| F|  |TAMS 0x00000000ca900000, 0x00000000ca900000| Untracked 
|  28|0x00000000caa00000, 0x00000000caa00000, 0x00000000cab00000|  0%| F|  |TAMS 0x00000000caa00000, 0x00000000caa00000| Untracked 
|  29|0x00000000cab00000, 0x00000000cab00000, 0x00000000cac00000|  0%| F|  |TAMS 0x00000000cab00000, 0x00000000cab00000| Untracked 
|  30|0x00000000cac00000, 0x00000000cac00000, 0x00000000cad00000|  0%| F|  |TAMS 0x00000000cac00000, 0x00000000cac00000| Untracked 
|  31|0x00000000cad00000, 0x00000000cad00000, 0x00000000cae00000|  0%| F|  |TAMS 0x00000000cad00000, 0x00000000cad00000| Untracked 
|  32|0x00000000cae00000, 0x00000000cae00000, 0x00000000caf00000|  0%| F|  |TAMS 0x00000000cae00000, 0x00000000cae00000| Untracked 
|  33|0x00000000caf00000, 0x00000000caf00000, 0x00000000cb000000|  0%| F|  |TAMS 0x00000000caf00000, 0x00000000caf00000| Untracked 
|  34|0x00000000cb000000, 0x00000000cb000000, 0x00000000cb100000|  0%| F|  |TAMS 0x00000000cb000000, 0x00000000cb000000| Untracked 
|  35|0x00000000cb100000, 0x00000000cb100000, 0x00000000cb200000|  0%| F|  |TAMS 0x00000000cb100000, 0x00000000cb100000| Untracked 
|  36|0x00000000cb200000, 0x00000000cb200000, 0x00000000cb300000|  0%| F|  |TAMS 0x00000000cb200000, 0x00000000cb200000| Untracked 
|  37|0x00000000cb300000, 0x00000000cb300000, 0x00000000cb400000|  0%| F|  |TAMS 0x00000000cb300000, 0x00000000cb300000| Untracked 
|  38|0x00000000cb400000, 0x00000000cb400000, 0x00000000cb500000|  0%| F|  |TAMS 0x00000000cb400000, 0x00000000cb400000| Untracked 
|  39|0x00000000cb500000, 0x00000000cb500000, 0x00000000cb600000|  0%| F|  |TAMS 0x00000000cb500000, 0x00000000cb500000| Untracked 
|  40|0x00000000cb600000, 0x00000000cb600000, 0x00000000cb700000|  0%| F|  |TAMS 0x00000000cb600000, 0x00000000cb600000| Untracked 
|  41|0x00000000cb700000, 0x00000000cb700000, 0x00000000cb800000|  0%| F|  |TAMS 0x00000000cb700000, 0x00000000cb700000| Untracked 
|  42|0x00000000cb800000, 0x00000000cb800000, 0x00000000cb900000|  0%| F|  |TAMS 0x00000000cb800000, 0x00000000cb800000| Untracked 
|  43|0x00000000cb900000, 0x00000000cb9d79c8, 0x00000000cba00000| 84%| E|  |TAMS 0x00000000cb900000, 0x00000000cb900000| Complete 
|  44|0x00000000cba00000, 0x00000000cbb00000, 0x00000000cbb00000|100%| E|CS|TAMS 0x00000000cba00000, 0x00000000cba00000| Complete 
|  45|0x00000000cbb00000, 0x00000000cbc00000, 0x00000000cbc00000|100%| E|CS|TAMS 0x00000000cbb00000, 0x00000000cbb00000| Complete 
|  46|0x00000000cbc00000, 0x00000000cbd00000, 0x00000000cbd00000|100%| E|CS|TAMS 0x00000000cbc00000, 0x00000000cbc00000| Complete 
|  47|0x00000000cbd00000, 0x00000000cbe00000, 0x00000000cbe00000|100%| E|CS|TAMS 0x00000000cbd00000, 0x00000000cbd00000| Complete 
|  48|0x00000000cbe00000, 0x00000000cbf00000, 0x00000000cbf00000|100%| E|CS|TAMS 0x00000000cbe00000, 0x00000000cbe00000| Complete 
|  49|0x00000000cbf00000, 0x00000000cc000000, 0x00000000cc000000|100%| E|CS|TAMS 0x00000000cbf00000, 0x00000000cbf00000| Complete 
|  50|0x00000000cc000000, 0x00000000cc100000, 0x00000000cc100000|100%| E|CS|TAMS 0x00000000cc000000, 0x00000000cc000000| Complete 
|  51|0x00000000cc100000, 0x00000000cc200000, 0x00000000cc200000|100%| E|CS|TAMS 0x00000000cc100000, 0x00000000cc100000| Complete 
|  52|0x00000000cc200000, 0x00000000cc300000, 0x00000000cc300000|100%| E|CS|TAMS 0x00000000cc200000, 0x00000000cc200000| Complete 
|  53|0x00000000cc300000, 0x00000000cc400000, 0x00000000cc400000|100%| E|CS|TAMS 0x00000000cc300000, 0x00000000cc300000| Complete 
|  54|0x00000000cc400000, 0x00000000cc500000, 0x00000000cc500000|100%| E|CS|TAMS 0x00000000cc400000, 0x00000000cc400000| Complete 
|  55|0x00000000cc500000, 0x00000000cc600000, 0x00000000cc600000|100%| E|CS|TAMS 0x00000000cc500000, 0x00000000cc500000| Complete 

Card table byte_map: [0x0000027b78ec0000,0x0000027b79080000] _byte_map_base: 0x0000027b78879000

Marking Bits (Prev, Next): (CMBitMap*) 0x0000027b6182d0c8, (CMBitMap*) 0x0000027b6182d108
 Prev Bits: [0x0000027b79240000, 0x0000027b7a008000)
 Next Bits: [0x0000027b7a010000, 0x0000027b7add8000)

Polling page: 0x0000027b5f660000

Metaspace:

Usage:
  Non-class:      8.56 MB capacity,     8.40 MB ( 98%) used,   137.88 KB (  2%) free+waste,    26.75 KB ( <1%) overhead. 
      Class:      1.17 MB capacity,     1.05 MB ( 90%) used,   105.55 KB (  9%) free+waste,    16.06 KB (  1%) overhead. 
       Both:      9.73 MB capacity,     9.45 MB ( 97%) used,   243.43 KB (  2%) free+waste,    42.81 KB ( <1%) overhead. 

Virtual space:
  Non-class space:       10.00 MB reserved,       8.75 MB ( 88%) committed 
      Class space:        1.00 GB reserved,       1.25 MB ( <1%) committed 
             Both:        1.01 GB reserved,      10.00 MB ( <1%) committed 

Chunk freelists:
   Non-Class:  3.00 KB
       Class:  16.00 KB
        Both:  19.00 KB

MaxMetaspaceSize: 17179869184.00 GB
CompressedClassSpaceSize: 1.00 GB

CodeHeap 'non-profiled nmethods': size=120000Kb used=504Kb max_used=504Kb free=119495Kb
 bounds [0x0000027b717d0000, 0x0000027b71a40000, 0x0000027b78d00000]
CodeHeap 'profiled nmethods': size=120000Kb used=2913Kb max_used=3019Kb free=117086Kb
 bounds [0x0000027b6a2a0000, 0x0000027b6a5a0000, 0x0000027b717d0000]
CodeHeap 'non-nmethods': size=5760Kb used=1307Kb max_used=1328Kb free=4452Kb
 bounds [0x0000027b69d00000, 0x0000027b69f70000, 0x0000027b6a2a0000]
 total_blobs=2836 nmethods=1506 adapters=510
 compilation: enabled
              stopped_count=0, restarted_count=0
 full_count=0

Compilation events (20 events):
Event: 568.318 Thread 0x0000027b7db73000 nmethod 1638 0x0000027b7184d010 code [0x0000027b7184d1e0, 0x0000027b7184d658]
Event: 625.510 Thread 0x0000027b7db73000 1639       4       sun.font.FontDesignMetrics::getHeight (35 bytes)
Event: 625.527 Thread 0x0000027b7db73000 nmethod 1639 0x0000027b71841d90 code [0x0000027b71841f20, 0x0000027b71841fb8]
Event: 627.038 Thread 0x0000027b7db73000 1640       4       java.util.concurrent.locks.ReentrantLock$Sync::isHeldExclusively (16 bytes)
Event: 627.042 Thread 0x0000027b7db73000 nmethod 1640 0x0000027b7184da10 code [0x0000027b7184dba0, 0x0000027b7184dc38]
Event: 628.991 Thread 0x0000027b7dbdf800 1641       3       javax.swing.text.Utilities::drawTabbedText (423 bytes)
Event: 628.992 Thread 0x0000027b7db73000 1647       4       sun.java2d.pipe.RenderQueue::lock (4 bytes)
Event: 629.008 Thread 0x0000027b7dbdf800 nmethod 1641 0x0000027b6a416610 code [0x0000027b6a416960, 0x0000027b6a418370]
Event: 629.008 Thread 0x0000027b7dbdf800 1642       3       javax.swing.text.Utilities::getJComponent (23 bytes)
Event: 629.008 Thread 0x0000027b7db73000 nmethod 1647 0x0000027b7184dd10 code [0x0000027b7184dec0, 0x0000027b7184e108]
Event: 629.008 Thread 0x0000027b7dbdf800 nmethod 1642 0x0000027b6a3dca90 code [0x0000027b6a3dcc60, 0x0000027b6a3dd110]
Event: 629.008 Thread 0x0000027b7dbdf800 1643   !   3       javax.swing.text.DefaultCaret::paint (328 bytes)
Event: 629.016 Thread 0x0000027b7dbdf800 nmethod 1643 0x0000027b6a402c90 code [0x0000027b6a402fa0, 0x0000027b6a404b90]
Event: 629.016 Thread 0x0000027b7dbdf800 1644       3       javax.swing.plaf.metal.MetalBorders$TextFieldBorder::paintBorder (83 bytes)
Event: 629.023 Thread 0x0000027b7dbdf800 nmethod 1644 0x0000027b6a2e0f90 code [0x0000027b6a2e1280, 0x0000027b6a2e2740]
Event: 629.023 Thread 0x0000027b7dbdf800 1645       3       javax.swing.plaf.metal.MetalUtils::drawFlush3DBorder (88 bytes)
Event: 629.025 Thread 0x0000027b7dbdf800 nmethod 1645 0x0000027b6a414710 code [0x0000027b6a4149c0, 0x0000027b6a4159e0]
Event: 629.025 Thread 0x0000027b7dbdf800 1646       3       sun.java2d.d3d.D3DRTTSurfaceToSurfaceScale::Scale (30 bytes)
Event: 629.026 Thread 0x0000027b7dbdf800 nmethod 1646 0x0000027b6a3f4a90 code [0x0000027b6a3f4c40, 0x0000027b6a3f4e70]
Event: 632.817 Thread 0x0000027b7db73000 1648       4       java.awt.geom.AffineTransform::transform (635 bytes)

GC Heap History (0 events):
No events

Deoptimization events (20 events):
Event: 12.037 Thread 0x0000027b7e03e800 DEOPT PACKING pc=0x0000027b717e92b0 sp=0x000000f5ba6fdf30
Event: 12.037 Thread 0x0000027b7e03e800 DEOPT UNPACKING pc=0x0000027b69d4912f sp=0x000000f5ba6fded0 mode 2
Event: 12.037 Thread 0x0000027b7e03e800 Uncommon trap: trap_request=0xffffffde fr.pc=0x0000027b717e93b0 relative=0x0000000000000c90
Event: 12.037 Thread 0x0000027b7e03e800 Uncommon trap: reason=class_check action=maybe_recompile pc=0x0000027b717e93b0 method=java.util.HashMap.putVal(ILjava/lang/Object;Ljava/lang/Object;ZZ)Ljava/lang/Object; @ 203 c2
Event: 12.037 Thread 0x0000027b7e03e800 DEOPT PACKING pc=0x0000027b717e93b0 sp=0x000000f5ba6fdf30
Event: 12.037 Thread 0x0000027b7e03e800 DEOPT UNPACKING pc=0x0000027b69d4912f sp=0x000000f5ba6fded0 mode 2
Event: 12.037 Thread 0x0000027b7e03e800 Uncommon trap: trap_request=0xffffffde fr.pc=0x0000027b717e93b0 relative=0x0000000000000c90
Event: 12.037 Thread 0x0000027b7e03e800 Uncommon trap: reason=class_check action=maybe_recompile pc=0x0000027b717e93b0 method=java.util.HashMap.putVal(ILjava/lang/Object;Ljava/lang/Object;ZZ)Ljava/lang/Object; @ 203 c2
Event: 12.037 Thread 0x0000027b7e03e800 DEOPT PACKING pc=0x0000027b717e93b0 sp=0x000000f5ba6fdf30
Event: 12.037 Thread 0x0000027b7e03e800 DEOPT UNPACKING pc=0x0000027b69d4912f sp=0x000000f5ba6fded0 mode 2
Event: 286.745 Thread 0x0000027b7eb4c000 DEOPT PACKING pc=0x0000027b6a44f4cf sp=0x000000f5baefe3a0
Event: 286.746 Thread 0x0000027b7eb4c000 DEOPT UNPACKING pc=0x0000027b69d4964e sp=0x000000f5baefd830 mode 0
Event: 299.331 Thread 0x0000027b7ed33800 Uncommon trap: trap_request=0xffffffcc fr.pc=0x0000027b7183ab78 relative=0x0000000000000338
Event: 299.331 Thread 0x0000027b7ed33800 Uncommon trap: reason=intrinsic_or_type_checked_inlining action=make_not_entrant pc=0x0000027b7183ab78 method=java.util.Arrays.copyOf([Ljava/lang/Object;ILjava/lang/Class;)[Ljava/lang/Object; @ 35 c2
Event: 299.331 Thread 0x0000027b7ed33800 DEOPT PACKING pc=0x0000027b7183ab78 sp=0x000000f5bb0ff460
Event: 299.331 Thread 0x0000027b7ed33800 DEOPT UNPACKING pc=0x0000027b69d4912f sp=0x000000f5bb0ff3f0 mode 2
Event: 414.317 Thread 0x0000027b7ed33800 Uncommon trap: trap_request=0xffffffdc fr.pc=0x0000027b718420cc relative=0x00000000000001ac
Event: 414.317 Thread 0x0000027b7ed33800 Uncommon trap: reason=class_check action=make_not_entrant pc=0x0000027b718420cc method=java.util.ArrayList.toArray([Ljava/lang/Object;)[Ljava/lang/Object; @ 21 c2
Event: 414.317 Thread 0x0000027b7ed33800 DEOPT PACKING pc=0x0000027b718420cc sp=0x000000f5bb0ff4c0
Event: 414.318 Thread 0x0000027b7ed33800 DEOPT UNPACKING pc=0x0000027b69d4912f sp=0x000000f5bb0ff480 mode 2

Classes unloaded (0 events):
No events

Classes redefined (0 events):
No events

Internal exceptions (20 events):
Event: 0.686 Thread 0x0000027b617fb000 Exception <a 'java/lang/NoSuchMethodError'{0x00000000cc5f1168}: 'int java.lang.invoke.DirectMethodHandle$Holder.invokeSpecial(java.lang.Object, java.lang.Object, java.lang.Object, java.lang.Object)'> (0x00000000cc5f1168) 
thrown [t:/workspace/open/src/hotspot/share/interpreter/linkResolver.cpp, line 767]
Event: 0.689 Thread 0x0000027b617fb000 Exception <a 'java/lang/NoSuchMethodError'{0x00000000cc5f92c0}: 'void java.lang.invoke.DirectMethodHandle$Holder.invokeVirtual(java.lang.Object, java.lang.Object)'> (0x00000000cc5f92c0) 
thrown [t:/workspace/open/src/hotspot/share/interpreter/linkResolver.cpp, line 767]
Event: 0.852 Thread 0x0000027b617fb000 Exception <a 'java/lang/NoSuchMethodError'{0x00000000cc45cdb0}: 'int java.lang.invoke.DirectMethodHandle$Holder.invokeSpecialIFC(java.lang.Object, java.lang.Object, int)'> (0x00000000cc45cdb0) 
thrown [t:/workspace/open/src/hotspot/share/interpreter/linkResolver.cpp, line 767]
Event: 1.046 Thread 0x0000027b617fb000 Exception <a 'java/lang/NoSuchMethodError'{0x00000000cc33d160}: 'void java.lang.invoke.DirectMethodHandle$Holder.invokeSpecial(java.lang.Object, java.lang.Object, java.lang.Object, java.lang.Object, java.lang.Object)'> (0x00000000cc33d160) 
thrown [t:/workspace/open/src/hotspot/share/interpreter/linkResolver.cpp, line 767]
Event: 1.050 Thread 0x0000027b617fb000 Exception <a 'java/lang/IncompatibleClassChangeError'{0x00000000cc34aec0}: Found class java.lang.Object, but interface was expected> (0x00000000cc34aec0) 
thrown [t:/workspace/open/src/hotspot/share/interpreter/linkResolver.cpp, line 833]
Event: 1.051 Thread 0x0000027b617fb000 Exception <a 'java/lang/NoSuchMethodError'{0x00000000cc34d9d8}: 'void java.lang.invoke.DirectMethodHandle$Holder.invokeStatic(java.lang.Object, java.lang.Object, java.lang.Object, java.lang.Object)'> (0x00000000cc34d9d8) 
thrown [t:/workspace/open/src/hotspot/share/interpreter/linkResolver.cpp, line 767]
Event: 1.338 Thread 0x0000027b617fb000 Exception <a 'sun/nio/fs/WindowsException'{0x00000000cc3d41c0}> (0x00000000cc3d41c0) 
thrown [t:/workspace/open/src/hotspot/share/prims/jni.cpp, line 598]
Event: 1.347 Thread 0x0000027b617fb000 Exception <a 'java/lang/ClassNotFoundException'{0x00000000cc3f0a18}: sun/awt/resources/spi/awtProvider> (0x00000000cc3f0a18) 
thrown [t:/workspace/open/src/hotspot/share/classfile/systemDictionary.cpp, line 232]
Event: 1.478 Thread 0x0000027b617fb000 Exception <a 'java/io/FileNotFoundException'{0x00000000cc23f970}> (0x00000000cc23f970) 
thrown [t:/workspace/open/src/hotspot/share/prims/jni.cpp, line 598]
Event: 1.486 Thread 0x0000027b617fb000 Exception <a 'java/io/FileNotFoundException'{0x00000000cc266208}> (0x00000000cc266208) 
thrown [t:/workspace/open/src/hotspot/share/prims/jni.cpp, line 598]
Event: 2.523 Thread 0x0000027b7e03e800 Exception <a 'java/lang/NoSuchMethodError'{0x00000000cc2dc598}: 'void java.lang.invoke.DirectMethodHandle$Holder.invokeSpecial(java.lang.Object, java.lang.Object)'> (0x00000000cc2dc598) 
thrown [t:/workspace/open/src/hotspot/share/interpreter/linkResolver.cpp, line 767]
Event: 2.564 Thread 0x0000027b617fb000 Exception <a 'java/lang/NoSuchMethodError'{0x00000000cc121fc8}: 'java.lang.Object java.lang.invoke.DirectMethodHandle$Holder.invokeStatic(java.lang.Object, int, java.lang.Object, java.lang.Object, java.lang.Object, java.lang.Object)'> (0x00000000cc121fc8) 
thrown [t:/workspace/open/src/hotspot/share/interpreter/linkResolver.cpp, line 767]
Event: 2.565 Thread 0x0000027b617fb000 Exception <a 'java/lang/NoSuchMethodError'{0x00000000cc128928}: 'java.lang.Object java.lang.invoke.DirectMethodHandle$Holder.invokeStatic(java.lang.Object, int, java.lang.Object, java.lang.Object, java.lang.Object)'> (0x00000000cc128928) 
thrown [t:/workspace/open/src/hotspot/share/interpreter/linkResolver.cpp, line 767]
Event: 2.565 Thread 0x0000027b617fb000 Exception <a 'java/lang/NoSuchMethodError'{0x00000000cc12c190}: 'java.lang.Object java.lang.invoke.DirectMethodHandle$Holder.invokeSpecial(java.lang.Object, java.lang.Object, int, java.lang.Object, java.lang.Object, java.lang.Object)'> (0x00000000cc12c190) 
thrown [t:/workspace/open/src/hotspot/share/interpreter/linkResolver.cpp, line 767]
Event: 2.701 Thread 0x0000027b617fb000 Exception <a 'java/lang/NoSuchMethodError'{0x00000000cc1424b8}: 'java.lang.Object java.lang.invoke.DirectMethodHandle$Holder.invokeStatic(java.lang.Object, int, java.lang.Object)'> (0x00000000cc1424b8) 
thrown [t:/workspace/open/src/hotspot/share/interpreter/linkResolver.cpp, line 767]
Event: 2.835 Thread 0x0000027b617fb000 Exception <a 'java/lang/ClassNotFoundException'{0x00000000cc1eb690}: com/sun/swing/internal/plaf/metal/resources/spi/metalProvider> (0x00000000cc1eb690) 
thrown [t:/workspace/open/src/hotspot/share/classfile/systemDictionary.cpp, line 232]
Event: 2.836 Thread 0x0000027b617fb000 Exception <a 'java/lang/ClassNotFoundException'{0x00000000cc1ef4f0}: com/sun/swing/internal/plaf/basic/resources/spi/basicProvider> (0x00000000cc1ef4f0) 
thrown [t:/workspace/open/src/hotspot/share/classfile/systemDictionary.cpp, line 232]
Event: 12.062 Thread 0x0000027b617fb000 Exception <a 'java/lang/NoSuchMethodError'{0x00000000cbf9fbe8}: 'void java.lang.invoke.DirectMethodHandle$Holder.invokeStaticInit(java.lang.Object)'> (0x00000000cbf9fbe8) 
thrown [t:/workspace/open/src/hotspot/share/interpreter/linkResolver.cpp, line 767]
Event: 12.071 Thread 0x0000027b617fb000 Exception <a 'java/lang/NoSuchMethodError'{0x00000000cbfc6198}: 'java.lang.Object java.lang.invoke.Invokers$Holder.linkToTargetMethod(java.lang.Object, int, java.lang.Object)'> (0x00000000cbfc6198) 
thrown [t:/workspace/open/src/hotspot/share/interpreter/linkResolver.cpp, line 767]
Event: 12.077 Thread 0x0000027b617fb000 Exception <a 'sun/nio/fs/WindowsException'{0x00000000cbfcb898}> (0x00000000cbfcb898) 
thrown [t:/workspace/open/src/hotspot/share/prims/jni.cpp, line 598]

Events (20 events):
Event: 554.002 Executing VM operation: HandshakeAllThreads done
Event: 554.009 Thread 0x0000027b7dbe5000 flushing nmethod 0x0000027b71841d90
Event: 554.022 Thread 0x0000027b7dbe5000 flushing nmethod 0x0000027b6a3f9d90
Event: 554.022 Thread 0x0000027b7dbe5000 flushing nmethod 0x0000027b6a401d90
Event: 554.022 Thread 0x0000027b7dbe5000 flushing nmethod 0x0000027b6a40f690
Event: 554.022 Thread 0x0000027b7dbe5000 flushing nmethod 0x0000027b6a40ff10
Event: 554.022 Thread 0x0000027b7dbe5000 flushing nmethod 0x0000027b6a413c90
Event: 554.022 Thread 0x0000027b7dbe5000 flushing nmethod 0x0000027b6a41a310
Event: 554.022 Thread 0x0000027b7dbe5000 flushing nmethod 0x0000027b6a41a990
Event: 554.022 Thread 0x0000027b7dbe5000 flushing nmethod 0x0000027b6a41bf10
Event: 554.022 Thread 0x0000027b7dbe5000 flushing nmethod 0x0000027b6a41e110
Event: 554.022 Thread 0x0000027b7dbe5000 flushing nmethod 0x0000027b6a426890
Event: 554.022 Thread 0x0000027b7dbe5000 flushing nmethod 0x0000027b6a427010
Event: 554.022 Thread 0x0000027b7dbe5000 flushing nmethod 0x0000027b6a427490
Event: 554.022 Thread 0x0000027b7dbe5000 flushing nmethod 0x0000027b6a429b10
Event: 554.022 Thread 0x0000027b7dbe5000 flushing nmethod 0x0000027b6a42e010
Event: 554.022 Thread 0x0000027b7dbe5000 flushing nmethod 0x0000027b6a42e590
Event: 625.526 Executing VM operation: HandshakeAllThreads
Event: 625.527 Executing VM operation: HandshakeAllThreads done
Event: 625.750 Thread 0x0000027b7dbe5000 flushing nmethod 0x0000027b6a402190


Dynamic libraries:
0x00007ff75aea0000 - 0x00007ff75aeaf000 	C:\Program Files\Java\jdk-13.0.2\bin\javaw.exe
0x00007ffe83b40000 - 0x00007ffe83d30000 	C:\WINDOWS\SYSTEM32\ntdll.dll
0x00007ffe83940000 - 0x00007ffe839f2000 	C:\WINDOWS\System32\KERNEL32.DLL
0x00007ffe81630000 - 0x00007ffe818d3000 	C:\WINDOWS\System32\KERNELBASE.dll
0x00007ffe80db0000 - 0x00007ffe80eaa000 	C:\WINDOWS\System32\ucrtbase.dll
0x00007ffe7c070000 - 0x00007ffe7c088000 	C:\Program Files\Java\jdk-13.0.2\bin\jli.dll
0x00007ffe81d20000 - 0x00007ffe81dc3000 	C:\WINDOWS\System32\ADVAPI32.dll
0x00007ffe829f0000 - 0x00007ffe82a8e000 	C:\WINDOWS\System32\msvcrt.dll
0x00007ffe828a0000 - 0x00007ffe82937000 	C:\WINDOWS\System32\sechost.dll
0x00007ffe832b0000 - 0x00007ffe833d0000 	C:\WINDOWS\System32\RPCRT4.dll
0x00007ffe81dd0000 - 0x00007ffe81f64000 	C:\WINDOWS\System32\USER32.dll
0x00007ffe80ad0000 - 0x00007ffe80af1000 	C:\WINDOWS\System32\win32u.dll
0x00007ffe83ad0000 - 0x00007ffe83af6000 	C:\WINDOWS\System32\GDI32.dll
0x00007ffe81960000 - 0x00007ffe81af4000 	C:\WINDOWS\System32\gdi32full.dll
0x00007ffe81b50000 - 0x00007ffe81bee000 	C:\WINDOWS\System32\msvcp_win.dll
0x00007ffe6c920000 - 0x00007ffe6c935000 	C:\Program Files\Java\jdk-13.0.2\bin\VCRUNTIME140.dll
0x00007ffe6c060000 - 0x00007ffe6c2e5000 	C:\WINDOWS\WinSxS\amd64_microsoft.windows.common-controls_6595b64144ccf1df_6.0.18362.778_none_e6c6b761130d4fb8\COMCTL32.dll
0x00007ffe821c0000 - 0x00007ffe824f6000 	C:\WINDOWS\System32\combase.dll
0x00007ffe818e0000 - 0x00007ffe81960000 	C:\WINDOWS\System32\bcryptPrimitives.dll
0x00007ffe76a50000 - 0x00007ffe76a5a000 	C:\WINDOWS\SYSTEM32\VERSION.dll
0x00007ffe82940000 - 0x00007ffe8296e000 	C:\WINDOWS\System32\IMM32.DLL
0x00007ffe598f0000 - 0x00007ffe5998b000 	C:\Program Files\Java\jdk-13.0.2\bin\msvcp140.dll
0x00007ffe458f0000 - 0x00007ffe4644d000 	C:\Program Files\Java\jdk-13.0.2\bin\server\jvm.dll
0x00007ffe838b0000 - 0x00007ffe838b8000 	C:\WINDOWS\System32\PSAPI.DLL
0x00007ffe7bc90000 - 0x00007ffe7bc99000 	C:\WINDOWS\SYSTEM32\WSOCK32.dll
0x00007ffe83840000 - 0x00007ffe838af000 	C:\WINDOWS\System32\WS2_32.dll
0x00007ffe77360000 - 0x00007ffe77384000 	C:\WINDOWS\SYSTEM32\WINMM.dll
0x00007ffe77330000 - 0x00007ffe7735d000 	C:\WINDOWS\SYSTEM32\WINMMBASE.dll
0x00007ffe80d00000 - 0x00007ffe80d4a000 	C:\WINDOWS\System32\cfgmgr32.dll
0x00007ffe80a60000 - 0x00007ffe80a71000 	C:\WINDOWS\System32\kernel.appcore.dll
0x00007ffe7b7e0000 - 0x00007ffe7b7f0000 	C:\Program Files\Java\jdk-13.0.2\bin\verify.dll
0x00007ffe7f2b0000 - 0x00007ffe7f4a4000 	C:\WINDOWS\SYSTEM32\DBGHELP.DLL
0x00007ffe798b0000 - 0x00007ffe798da000 	C:\WINDOWS\SYSTEM32\dbgcore.DLL
0x00007ffe77020000 - 0x00007ffe77046000 	C:\Program Files\Java\jdk-13.0.2\bin\java.dll
0x00007ffe7b2f0000 - 0x00007ffe7b307000 	C:\Program Files\Java\jdk-13.0.2\bin\zip.dll
0x00007ffe7b7d0000 - 0x00007ffe7b7da000 	C:\Program Files\Java\jdk-13.0.2\bin\jimage.dll
0x00007ffe82af0000 - 0x00007ffe831d5000 	C:\WINDOWS\System32\SHELL32.dll
0x00007ffe81bf0000 - 0x00007ffe81c99000 	C:\WINDOWS\System32\shcore.dll
0x00007ffe80eb0000 - 0x00007ffe81630000 	C:\WINDOWS\System32\windows.storage.dll
0x00007ffe80a10000 - 0x00007ffe80a33000 	C:\WINDOWS\System32\profapi.dll
0x00007ffe80a80000 - 0x00007ffe80aca000 	C:\WINDOWS\System32\powrprof.dll
0x00007ffe80a00000 - 0x00007ffe80a10000 	C:\WINDOWS\System32\UMPDC.dll
0x00007ffe82a90000 - 0x00007ffe82ae2000 	C:\WINDOWS\System32\shlwapi.dll
0x00007ffe81b30000 - 0x00007ffe81b47000 	C:\WINDOWS\System32\cryptsp.dll
0x00007ffe76990000 - 0x00007ffe769a9000 	C:\Program Files\Java\jdk-13.0.2\bin\net.dll
0x00007ffe78190000 - 0x00007ffe78280000 	C:\WINDOWS\SYSTEM32\WINHTTP.dll
0x00007ffe80210000 - 0x00007ffe80277000 	C:\WINDOWS\system32\mswsock.dll
0x00007ffe76850000 - 0x00007ffe76863000 	C:\Program Files\Java\jdk-13.0.2\bin\nio.dll
0x00007ffe44ee0000 - 0x00007ffe45079000 	C:\Program Files\Java\jdk-13.0.2\bin\awt.dll
0x00007ffe831e0000 - 0x00007ffe832a4000 	C:\WINDOWS\System32\OLEAUT32.dll
0x00007ffe7e7d0000 - 0x00007ffe7e85f000 	C:\WINDOWS\SYSTEM32\apphelp.dll
0x00007ffe7e8a0000 - 0x00007ffe7e939000 	C:\WINDOWS\system32\uxtheme.dll
0x00007ffe82080000 - 0x00007ffe821b6000 	C:\WINDOWS\System32\MSCTF.dll
0x00007ffe82740000 - 0x00007ffe82897000 	C:\WINDOWS\System32\ole32.dll
0x00007ffe7ef10000 - 0x00007ffe7ef3d000 	C:\WINDOWS\system32\DWMAPI.DLL
0x00007ffe57670000 - 0x00007ffe576f2000 	C:\Program Files\Java\jdk-13.0.2\bin\freetype.dll
0x00007ffe4e940000 - 0x00007ffe4e9e6000 	C:\Program Files\Java\jdk-13.0.2\bin\fontmanager.dll
0x00007ffe44d80000 - 0x00007ffe44ed6000 	C:\WINDOWS\system32\opengl32.dll
0x00007ffe67230000 - 0x00007ffe6725c000 	C:\WINDOWS\SYSTEM32\GLU32.dll
0x00007ffe7f6e0000 - 0x00007ffe7f700000 	C:\WINDOWS\SYSTEM32\dxcore.dll
0x00007ffe431f0000 - 0x00007ffe433b7000 	C:\WINDOWS\system32\d3d9.dll
0x00007ffe763b0000 - 0x00007ffe7658d000 	C:\WINDOWS\System32\DriverStore\FileRepository\u0344110.inf_amd64_73212948657b175c\B343946\aticfx64.dll
0x00007ffe5d620000 - 0x00007ffe5d650000 	C:\WINDOWS\System32\DriverStore\FileRepository\u0344110.inf_amd64_73212948657b175c\B343946\atiu9p64.dll
0x00007ffe2ec00000 - 0x00007ffe2f8cb000 	C:\WINDOWS\System32\DriverStore\FileRepository\u0344110.inf_amd64_73212948657b175c\B343946\atiumd64.dll
0x000000005af20000 - 0x000000005bca5000 	C:\WINDOWS\System32\DriverStore\FileRepository\u0344110.inf_amd64_73212948657b175c\B343946\atiumd6a.dll
0x00007ffe74960000 - 0x00007ffe74b0f000 	C:\WINDOWS\SYSTEM32\WindowsCodecs.dll
0x00007ffe708b0000 - 0x00007ffe708ea000 	C:\WINDOWS\system32\dataexchange.dll
0x00007ffe7d9b0000 - 0x00007ffe7dc0b000 	C:\WINDOWS\system32\d3d11.dll
0x00007ffe7e070000 - 0x00007ffe7e24c000 	C:\WINDOWS\system32\dcomp.dll
0x00007ffe7f700000 - 0x00007ffe7f7eb000 	C:\WINDOWS\system32\dxgi.dll
0x00007ffe7e940000 - 0x00007ffe7eb9a000 	C:\WINDOWS\system32\twinapi.appcore.dll
0x00007ffe7ecc0000 - 0x00007ffe7ece9000 	C:\WINDOWS\system32\RMCLIENT.dll
0x00007ffe69200000 - 0x00007ffe69265000 	C:\WINDOWS\system32\Oleacc.dll

dbghelp: loaded successfully - version: 4.0.5 - missing functions: none
symbol engine: initialized successfully - sym options: 0x614 - pdb path: .;C:\Program Files\Java\jdk-13.0.2\bin;C:\WINDOWS\SYSTEM32;C:\WINDOWS\WinSxS\amd64_microsoft.windows.common-controls_6595b64144ccf1df_6.0.18362.778_none_e6c6b761130d4fb8;C:\Program Files\Java\jdk-13.0.2\bin\server;C:\WINDOWS\System32\DriverStore\FileRepository\u0344110.inf_amd64_73212948657b175c\B343946

VM Arguments:
jvm_args: -Dfile.encoding=Cp1252 --module-path=C:\Users\14bee\eclipse-workspace\Assignment 1\bin;C:\Users\14bee\OneDrive\Desktop\Setups\Eclipse\mysql-connector-java-5.1.47\mysql-connector-java-5.1.47-bin.jar;C:\Users\14bee\OneDrive\Desktop\Setups\Eclipse\mysql-connector-java-5.1.47\mysql-connector-java-5.1.47.jar -Djdk.module.main=assignment1 
java_command: assignment1/assignment1.Main
java_class_path (initial): <not set>
Launcher Type: SUN_STANDARD

[Global flags]
     intx CICompilerCount                          = 3                                         {product} {ergonomic}
     uint ConcGCThreads                            = 1                                         {product} {ergonomic}
     uint G1ConcRefinementThreads                  = 4                                         {product} {ergonomic}
   size_t G1HeapRegionSize                         = 1048576                                   {product} {ergonomic}
    uintx GCDrainStackTargetSize                   = 64                                        {product} {ergonomic}
   size_t InitialHeapSize                          = 58720256                                  {product} {ergonomic}
   size_t MarkStackSize                            = 4194304                                   {product} {ergonomic}
   size_t MaxHeapSize                              = 924844032                                 {product} {ergonomic}
   size_t MaxNewSize                               = 554696704                                 {product} {ergonomic}
   size_t MinHeapDeltaBytes                        = 1048576                                   {product} {ergonomic}
   size_t MinHeapSize                              = 8388608                                   {product} {ergonomic}
    uintx NonNMethodCodeHeapSize                   = 5832780                                {pd product} {ergonomic}
    uintx NonProfiledCodeHeapSize                  = 122912730                              {pd product} {ergonomic}
    uintx ProfiledCodeHeapSize                     = 122912730                              {pd product} {ergonomic}
    uintx ReservedCodeCacheSize                    = 251658240                              {pd product} {ergonomic}
     bool SegmentedCodeCache                       = true                                      {product} {ergonomic}
   size_t SoftMaxHeapSize                          = 924844032                              {manageable} {ergonomic}
     bool UseCompressedClassPointers               = true                                 {lp64_product} {ergonomic}
     bool UseCompressedOops                        = true                                 {lp64_product} {ergonomic}
     bool UseG1GC                                  = true                                      {product} {ergonomic}
     bool UseLargePagesIndividualAllocation        = false                                  {pd product} {ergonomic}

Logging:
Log output configuration:
 #0: stdout all=warning uptime,level,tags
 #1: stderr all=off uptime,level,tags

Environment Variables:
PATH=C:/Program Files/Java/jdk-13.0.2/bin/server;C:/Program Files/Java/jdk-13.0.2/bin;C:\WINDOWS\system32;C:\WINDOWS;C:\WINDOWS\System32\Wbem;C:\WINDOWS\System32\WindowsPowerShell\v1.0\;C:\WINDOWS\System32\OpenSSH\;C:\Users\14bee\AppData\Local\Microsoft\WindowsApps;;C:\WINDOWS\System32;
USERNAME=14bee
OS=Windows_NT
PROCESSOR_IDENTIFIER=AMD64 Family 23 Model 24 Stepping 1, AuthenticAMD



---------------  S Y S T E M  ---------------

OS: Windows 10 , 64 bit Build 18362 (10.0.18362.778)

CPU:total 4 (initial active 4) (4 cores per cpu, 2 threads per core) family 23 model 24 stepping 1, cmov, cx8, fxsr, mmx, sse, sse2, sse3, ssse3, sse4.1, sse4.2, popcnt, avx, avx2, aes, clmul, mmxext, 3dnowpref, lzcnt, sse4a, ht, tsc, tscinvbit, tscinv, bmi1, bmi2, adx, sha, fma

Memory: 4k page, system-wide physical 3522M (85M free)
TotalPageFile size 14274M (AvailPageFile size 0M)
current process WorkingSet (physical memory assigned to process): 23M, peak: 74M
current process commit charge ("private bytes"): 165M, peak: 169M

vm_info: Java HotSpot(TM) 64-Bit Server VM (13.0.2+8) for windows-amd64 JRE (13.0.2+8), built on Dec 11 2019 09:20:33 by "mach5one" with unknown MS VC++:1916

END.
